#Build: Fabric Compiler 2022.2-SP1-Lite, Build 132640, Aug 18 15:10 2023
#Install: D:\pds\PDS_2022.2-SP1-Lite\bin
#Application name: pds.exe
#OS: Windows 10 10.0.22635
#Hostname: Alienware-M19
Generated by Fabric Compiler (version 2022.2-SP1-Lite build 132640) at Thu Jun 13 14:34:19 2024
Parse module hierarchy of project 'D:/pds/project/test4/1/temp_projects/Main_Flow/Main_Flow.pds' (ADS Parser)
Compiling common defs.
Compiling technology operator (valence) library.
Compiling prim grid devices.
Compiling prim grid device symbols.
Compiling gate devices.
Compiling gate operators.
Compiling tech operator impls.
Building architecture model.
Loading device packaging model.
Building architecture floorplan logic view.
Building architecture floorplan schematic view.
Total time(hh:mm:ss) of open UCE: 00:00:14
Loading the device ...
Open UCE successfully.
Current device : PGL22G-6MBG324
Process exit normally.
