#Build: Fabric Compiler 2022.2-SP1-Lite, Build 132640, Aug 18 15:12 2023
#Install: D:\pds\PDS_2022.2-SP1-Lite\bin
#Application name: pds_shell.exe
#OS: Windows 10 10.0.22631
#Hostname: 王凯的r9000p
Generated by Fabric Compiler (version 2022.2-SP1-Lite build 132640) at Wed Jun  5 16:43:57 2024
Compiling verification operator library.
Compiling common defs.
Compiling prim grid devices.
Compiling gate devices.
Compiling gate operators.
Building architecture model.
Loading device packaging model.
Reading design from pnr DB.
Start Report Post-PnR timing.
Constructing timing graph ...
Timing graph has been constructed successfully
W: STA-3011: Clock pin 'U1/Qtemp[0]/opit_0_L5Q_perm/CLK' (gopL5Q.CLK) has no clock, timing propagation is disabled at the pin.
W: STA-3011: Clock pin 'U1/Qtemp[1]/opit_0_L5Q_perm/CLK' (gopL5Q.CLK) has no clock, timing propagation is disabled at the pin.
W: STA-3011: Clock pin 'U1/Qtemp[2]/opit_0_L5Q_perm/CLK' (gopL5Q.CLK) has no clock, timing propagation is disabled at the pin.
W: STA-3011: Clock pin 'U1/Qtemp[3]/opit_0_L5Q_perm/CLK' (gopL5Q.CLK) has no clock, timing propagation is disabled at the pin.
W: Timing-4087: Port 'q[0]' is not constrained, it is treated as combinational output.
W: Timing-4087: Port 'q[1]' is not constrained, it is treated as combinational output.
W: Timing-4087: Port 'q[2]' is not constrained, it is treated as combinational output.
W: Timing-4086: Port 'reset' is not constrained, it is treated as combinational input.
Report timing is finished successfully.
Action report_timing: Real time elapsed is 0h:0m:8s
Action report_timing: CPU time elapsed is 0h:0m:7s
Action report_timing: Process CPU time elapsed is 0h:0m:7s
Current time: Wed Jun  5 16:44:04 2024
Action report_timing: Peak memory pool usage is 856 MB
