#Build: Fabric Compiler 2022.2-SP1-Lite, Build 132640, Aug 18 15:12 2023
#Install: D:\pds\PDS_2022.2-SP1-Lite\bin
#Application name: pds_shell.exe
#OS: Windows 10 10.0.22631
#Hostname: 王凯的r9000p
Generated by Fabric Compiler (version 2022.2-SP1-Lite build 132640) at Wed Jun  5 16:57:32 2024
Compiling verification operator library.
Loading technology operator library.
Compiling technology operator library.
Compiling technology operator (valence) library.
I: Enable Verilog2k features and keywords
Start rtl-analyze.
Executing : .rtl_analyze -work work -include_path {C:/Users/r9000/project/project} C:/Users/r9000/project/project/source/jishuqi.v
I: Verilog-0001: Analyzing file C:/Users/r9000/project/project/source/jishuqi.v
I: Verilog-0002: [C:/Users/r9000/project/project/source/jishuqi.v(line number: 1)] Analyzing module jishuqi (library work)
Parsing done.
Executing : .rtl_analyze -work work -include_path {C:/Users/r9000/project/project} C:/Users/r9000/project/project/source/jishuqi.v successfully.
Executing : .rtl_analyze -work work -include_path {C:/Users/r9000/project/project} C:/Users/r9000/project/project/source/gate74LS161.v
I: Verilog-0001: Analyzing file C:/Users/r9000/project/project/source/gate74LS161.v
I: Verilog-0002: [C:/Users/r9000/project/project/source/gate74LS161.v(line number: 1)] Analyzing module gate74LS161 (library work)
Parsing done.
Executing : .rtl_analyze -work work -include_path {C:/Users/r9000/project/project} C:/Users/r9000/project/project/source/gate74LS161.v successfully.
I: Module "jishuqi" is set as top module.
Executing : rtl-analyze successfully. Time elapsed: 4.998s wall, 0.000s user + 0.000s system = 0.000s CPU (n/a%)

Start rtl-elaborate.
I: Verilog-0003: [C:/Users/r9000/project/project/source/jishuqi.v(line number: 1)] Elaborating module jishuqi
I: Verilog-0004: [C:/Users/r9000/project/project/source/jishuqi.v(line number: 8)] Elaborating instance U1
I: Verilog-0003: [C:/Users/r9000/project/project/source/gate74LS161.v(line number: 1)] Elaborating module gate74LS161
W: Verilog-2023: [C:/Users/r9000/project/project/source/jishuqi.v(line number: 8)] Give initial value 0 for the no drive pin D in module instance jishuqi.U1
W: Verilog-2023: [C:/Users/r9000/project/project/source/jishuqi.v(line number: 8)] Give initial value 0 for the no drive pin C in module instance jishuqi.U1
W: Verilog-2023: [C:/Users/r9000/project/project/source/jishuqi.v(line number: 8)] Give initial value 0 for the no drive pin B in module instance jishuqi.U1
W: Verilog-2023: [C:/Users/r9000/project/project/source/jishuqi.v(line number: 8)] Give initial value 0 for the no drive pin A in module instance jishuqi.U1
Executing : rtl-elaborate successfully. Time elapsed: 0.001s wall, 0.000s user + 0.000s system = 0.000s CPU (n/a%)

Start rtl-prep.
Executing : rtl-prep successfully. Time elapsed: 0.001s wall, 0.000s user + 0.000s system = 0.000s CPU (n/a%)

Start rtl-infer.
Start DFF-inference.
W: Sdm-2014: [C:/Users/r9000/project/project/source/gate74LS161.v(line number: 7)] Feedback mux created for signal 'COtemp'. It is possible a async set/reset assignment for this is signal missing. To improve timing and area, specify a set/reset value. 
Executing : DFF-inference successfully.
Executing : rtl-infer successfully. Time elapsed: 0.018s wall, 0.000s user + 0.000s system = 0.000s CPU (n/a%)

Start rtl-control-opt.
Executing : rtl-control-opt successfully. Time elapsed: 0.000s wall, 0.000s user + 0.000s system = 0.000s CPU (n/a%)

Start rtl-data-opt.
Executing : rtl-data-opt successfully. Time elapsed: 0.001s wall, 0.000s user + 0.000s system = 0.000s CPU (n/a%)

Start FSM inference.
Executing : FSM inference successfully. Time elapsed: 0.000s wall, 0.000s user + 0.000s system = 0.000s CPU (n/a%)

Start sdm2adm.
W: Loop was found during constant probe.
W: Loop was found during constant probe.
Executing : sdm2adm successfully. Time elapsed: 0.004s wall, 0.000s user + 0.000s system = 0.000s CPU (n/a%)

Saving design to DB.
Action compile: Real time elapsed is 0h:0m:8s
Action compile: CPU time elapsed is 0h:0m:2s
Action compile: Process CPU time elapsed is 0h:0m:2s
Current time: Wed Jun  5 16:57:38 2024
Action compile: Peak memory pool usage is 188 MB
