#Build: Fabric Compiler 2022.2-SP1-Lite, Build 132640, Aug 18 15:12 2023
#Install: D:\pds\PDS_2022.2-SP1-Lite\bin
#Application name: pds_shell.exe
#OS: Windows 10 10.0.22631
#Hostname: 王凯的r9000p
Generated by Fabric Compiler (version 2022.2-SP1-Lite build 132640) at Wed Jun  5 16:35:41 2024
Compiling verification operator library.
Loading technology operator library.
Compiling technology operator library.
Compiling technology operator (valence) library.
I: Enable Verilog2k features and keywords
Start rtl-analyze.
Executing : .rtl_analyze -work work -include_path {C:/Users/r9000/project/project} C:/Users/r9000/project/project/source/jishuqi.v
I: Verilog-0001: Analyzing file C:/Users/r9000/project/project/source/jishuqi.v
I: Verilog-0002: [C:/Users/r9000/project/project/source/jishuqi.v(line number: 1)] Analyzing module jishu (library work)
Parsing done.
Executing : .rtl_analyze -work work -include_path {C:/Users/r9000/project/project} C:/Users/r9000/project/project/source/jishuqi.v successfully.
Executing : .rtl_analyze -work work -include_path {C:/Users/r9000/project/project} C:/Users/r9000/project/project/source/gate74LS161.v
I: Verilog-0001: Analyzing file C:/Users/r9000/project/project/source/gate74LS161.v
I: Verilog-0002: [C:/Users/r9000/project/project/source/gate74LS161.v(line number: 1)] Analyzing module gate74LS161 (library work)
Parsing done.
Executing : .rtl_analyze -work work -include_path {C:/Users/r9000/project/project} C:/Users/r9000/project/project/source/gate74LS161.v successfully.
E: Specified top module "jishuqi" is not found in library.
Program Error Out.
Action compile: Real time elapsed is 0h:0m:8s
Action compile: CPU time elapsed is 0h:0m:2s
Action compile: Process CPU time elapsed is 0h:0m:2s
Current time: Wed Jun  5 16:35:47 2024
Action compile: Peak memory pool usage is 179 MB
