#Build: Fabric Compiler 2022.2-SP1-Lite, Build 132640, Aug 18 15:12 2023
#Install: D:\pds\PDS_2022.2-SP1-Lite\bin
#Application name: pds_shell.exe
#OS: Windows 10 10.0.22631
#Hostname: 王凯的r9000p
Generated by Fabric Compiler (version 2022.2-SP1-Lite build 132640) at Wed Jun  5 16:39:27 2024
Compiling verification operator library.
Compiling common defs.
Compiling prim grid devices.
Compiling gate devices.
Compiling gate operators.
Building architecture model.
Loading device packaging model.
pnr strategy configuration : 
strategy name : 0
W: ConstraintEditor-4019: Port Bus 'q' unspecified I/O constraint.
W: ConstraintEditor-4019: Port 'clk' unspecified I/O constraint.
W: ConstraintEditor-4019: Port 'reset' unspecified I/O constraint.
I: Column Clock Check close.

Placement started.
Building architecture floorplan logic view.
Phase 1 Pre global placement started.
Phase 1.1 1st GP placement started.
Design Utilization : 1%.
First map gop timing takes 0.05 sec
Worst slack after clock region global placement is 996843
Wirelength after clock region global placement is 161.
1st GP placement takes 0.53 sec.

Phase 1.2 Clock placement started.
Mapping instance clk_ibuf/opit_1 to IOL_7_74.
Mapping instance clkbufg_0/gopclkbufg to USCM_74_104.
Clock placement takes 0.48 sec.

Pre global placement takes 1.14 sec.

Phase 2 Global placement started.
Phase 2.1 Fixed placement started.
Placed fixed group with base inst clk_ibuf/opit_1 on IOL_7_74.
Placed fixed instance clkbufg_0/gopclkbufg on USCM_74_104.
Fixed placement takes 0.02 sec.

Phase 2.2 Process placement started.
Process placement takes 0.00 sec.

Phase 2.3 IO placement started.
IO placement takes 0.02 sec.

Phase 2.4 2nd GP placement started.
Run super clustering :
	Initial slack 995048.
	1 iterations finished.
	Final slack 995048.
Super clustering done.
Design Utilization : 1%.
Worst slack after global placement is 997193
2nd GP placement takes 0.06 sec.

Wirelength after global placement is 246.
Global placement takes 0.09 sec.

Phase 3 Post global placement started.
Phase 3.1 Macro cell placement started.
I: Process macros using "Greedy".
Wirelength after macro cell placement is 246.
Macro cell placement takes 0.00 sec.

Phase 3.2 3rd GP placement started.
Run super clustering :
	Initial slack 995048.
	1 iterations finished.
	Final slack 995048.
Super clustering done.
Design Utilization : 1%.
Worst slack after post global placement is 997193
3rd GP placement takes 0.06 sec.

Wirelength after post global placement is 246.
Post global placement takes 0.06 sec.

Phase 4 Legalization started.
The average distance in LP is 0.805970.
Wirelength after legalization is 232.
Legalization takes 0.00 sec.

Phase 5 Timing-driven detailed placement started.
Phase 5.1 Replication placement started.
Worst slack before Replication Place is 997251.
Replication placement takes 0.00 sec.

Wirelength after replication placement is 232.
Phase 5.2 DP placement started.
Legalized cost 997251.000000.
The detailed placement ends at 0th iteration.
DP placement takes 0.00 sec.

Wirelength after detailed placement is 232.
Timing-driven detailed placement takes 0.00 sec.

Worst slack is 997251, TNS after placement is 0.
Placement done.
Total placement takes 1.42 sec.
Finished placement.

Routing started.
Building routing graph takes 0.34 sec.
Worst slack is 997251, TNS before global route is 0.
Processing design graph takes 0.06 sec.
Total memory for routing:
	46.827088 M.
Total nets for routing : 59.
Rcf routing step 1 processed 0 nets, it takes 0.00 sec.
Rcf routing step 2 processed 0 nets, it takes 0.00 sec.
Rcf routing step 3 processed 0 nets, it takes 0.00 sec.
Global Routing step 1 processed 0 nets, it takes 0.00 sec.
Global Routing step 2 processed 0 nets, it takes 0.00 sec.
Unrouted nets 0 at the end of iteration 0.
Global Routing step 3 processed 1 nets, it takes 0.00 sec.
Global routing takes 0.00 sec.
Total 60 subnets.
    forward max bucket size 79 , backward 12.
        Unrouted nets 34 at the end of iteration 0.
    route iteration 0, CPU time elapsed 0.000000 sec.
    forward max bucket size 17 , backward 18.
        Unrouted nets 25 at the end of iteration 1.
    route iteration 1, CPU time elapsed 0.000000 sec.
    forward max bucket size 14 , backward 14.
        Unrouted nets 12 at the end of iteration 2.
    route iteration 2, CPU time elapsed 0.000000 sec.
    forward max bucket size 16 , backward 10.
        Unrouted nets 7 at the end of iteration 3.
    route iteration 3, CPU time elapsed 0.000000 sec.
    forward max bucket size 13 , backward 12.
        Unrouted nets 2 at the end of iteration 4.
    route iteration 4, CPU time elapsed 0.000000 sec.
    forward max bucket size 10 , backward 10.
        Unrouted nets 0 at the end of iteration 5.
    route iteration 5, CPU time elapsed 0.000000 sec.
Detailed routing takes 5 iterations
Detailed routing takes 0.00 sec.
Start fix hold violation.
Build tmp routing results takes 0.00 sec.
Timing analysis takes 0.00 sec.
No hold violation.
Hold Violation Fix in router takes 0 iterations.
Fix hold violation Finished.
Hold Violation Fix in router takes 0.08 sec.

Dispose routing result:
    Collect routing result.
    Delete unused device instances.
    Annotate routing result.
    Change LUT configuration.
    Dispose misc instances.
    Annotate routing result again.
Finish routing takes 0.00 sec.
Used SRB routing arc is 279.
Cleanup routing takes 0.00 sec.
Routing done.
Total routing takes 0.62 sec.


Device Utilization Summary :
+---------------------------------------------------------------------------+
| Logic Utilization        | Used     | Available     | Utilization(%)     
+---------------------------------------------------------------------------+
| Use of ADC               | 0        | 1             | 0                  
| Use of APM               | 0        | 30            | 0                  
| Use of BKCL              | 0        | 6             | 0                  
| Use of CLMA              | 12       | 3274          | 1                  
|   FF                     | 30       | 19644         | 1                  
|   LUT                    | 38       | 13096         | 1                  
|   LUT-FF pairs           | 6        | 13096         | 1                  
| Use of CLMS              | 0        | 1110          | 0                  
|   FF                     | 0        | 6660          | 0                  
|   LUT                    | 0        | 4440          | 0                  
|   LUT-FF pairs           | 0        | 4440          | 0                  
|   Distributed RAM        | 0        | 4440          | 0                  
| Use of CRYSTAL           | 0        | 6             | 0                  
| Use of DLL               | 0        | 6             | 0                  
| Use of DQSL              | 0        | 18            | 0                  
| Use of DRM               | 0        | 48            | 0                  
| Use of FLSIF             | 0        | 1             | 0                  
| Use of FUSECODE          | 0        | 1             | 0                  
| Use of HARD0N1           | 0        | 2745          | 0                  
| Use of HMEMC             | 0        | 2             | 0                  
| Use of IO                | 4        | 240           | 2                  
|   IOBD                   | 3        | 120           | 3                  
|   IOBR                   | 0        | 6             | 0                  
|   IOBS                   | 1        | 114           | 1                  
| Use of IOCKDIV           | 0        | 12            | 0                  
| Use of IOCKDLY           | 0        | 24            | 0                  
| Use of IOCKGATE          | 0        | 12            | 0                  
| Use of IOCKGMUX_TEST     | 0        | 12            | 0                  
| Use of IOL               | 4        | 240           | 2                  
| Use of IPAL              | 0        | 1             | 0                  
| Use of MFG_TEST          | 0        | 1             | 0                  
| Use of OSC               | 0        | 1             | 0                  
| Use of PLL               | 0        | 6             | 0                  
| Use of PREGMUX_TEST      | 0        | 6             | 0                  
| Use of RCKB              | 0        | 24            | 0                  
|  RCKB dataused           | 0        | 24            | 0                  
| Use of RCKBMUX_TEST      | 0        | 12            | 0                  
| Use of RESCAL            | 0        | 6             | 0                  
| Use of SCANCHAIN         | 0        | 4             | 0                  
| Use of START             | 1        | 1             | 100                
| Use of UDID              | 0        | 1             | 0                  
| Use of USCM              | 1        | 20            | 5                  
|  USCM dataused           | 0        | 20            | 0                  
| Use of USCMMUX_TEST      | 0        | 20            | 0                  
| Use of VCKBMUX_TEST      | 0        | 12            | 0                  
+---------------------------------------------------------------------------+

Finished routing.
Design 'jishuqi' has been placed and routed successfully.
Saving design to DB.
Finished placement and routing.
Action pnr: Real time elapsed is 0h:0m:11s
Action pnr: CPU time elapsed is 0h:0m:8s
Action pnr: Process CPU time elapsed is 0h:0m:8s
Current time: Wed Jun  5 16:39:37 2024
Action pnr: Peak memory pool usage is 853 MB
