#Build: Fabric Compiler 2022.2-SP1-Lite, Build 132640, Aug 18 15:12 2023
#Install: D:\pds\PDS_2022.2-SP1-Lite\bin
#Application name: pds_shell.exe
#OS: Windows 10 10.0.22631
#Hostname: 王凯的r9000p
Generated by Fabric Compiler (version 2022.2-SP1-Lite build 132640) at Wed Jun  5 17:16:51 2024
Compiling verification operator library.
Compiling common defs.
Loading technology operator library.
Compiling technology operator library.
Compiling technology operator (valence) library.
Reading design from compile DB
Reading design from compile DB successfully.
Constraint check start.
W: ConstraintEditor-4019: Port 'CLKen' unspecified I/O constraint.
W: ConstraintEditor-4019: Port 'CLKout' unspecified I/O constraint.
W: ConstraintEditor-4019: Port 'QA' unspecified I/O constraint.
W: ConstraintEditor-4019: Port 'QB' unspecified I/O constraint.
W: ConstraintEditor-4019: Port 'QC' unspecified I/O constraint.
W: ConstraintEditor-4019: Port 'QD' unspecified I/O constraint.
W: ConstraintEditor-4019: Port 'exCLK' unspecified I/O constraint.
Constraint check end.

C: SDC-2025: Clock source 'n:exCLK' need a clock constraint, please use 'create_clock' or 'create_generate_clock' to generate.
Executing : get_ports exCLK
Executing : get_ports exCLK successfully.
Executing : create_clock -name NHJSQ|exCLK [get_ports exCLK] -period 1000.000 -waveform {0.000 500.000} -add
Executing : create_clock -name NHJSQ|exCLK [get_ports exCLK] -period 1000.000 -waveform {0.000 500.000} -add successfully.
Executing : set_clock_groups -name Inferred_clock_group_0 -asynchronous -group NHJSQ|exCLK
Executing : set_clock_groups -name Inferred_clock_group_0 -asynchronous -group NHJSQ|exCLK successfully.
C: SDC-2025: Clock source 'n:CLKout' need a clock constraint, please use 'create_clock' or 'create_generate_clock' to generate.
Start pre-mapping.
Executing : pre-mapping successfully. Time elapsed: 0.015s wall, 0.000s user + 0.000s system = 0.000s CPU (n/a%)

Start mod-gen.
I: Constant propagation done on U1/N0 (bmsWIDEINV).
I: Constant propagation done on U1/N26 (bmsREDAND).
I: Constant propagation done on U1/N27 (bmsWIDEINV).
I: Constant propagation done on U1/N28 (bmsREDAND).
I: Constant propagation done on U1/N29 (bmsWIDEINV).
I: Constant propagation done on U1/N30 (bmsREDAND).
I: Constant propagation done on U3/N2 (bmsREDAND).
I: Constant propagation done on U3/N4 (bmsREDAND).
I: Constant propagation done on U1/N38 (bmsREDOR).
I: Constant propagation done on U1/N41 (bmsPMUX).
W: Removed bmsWIDEDFFRSE inst CLKcount[26:0] at 25 that is stuck at constant 0.
Executing : mod-gen successfully. Time elapsed: 0.029s wall, 0.000s user + 0.000s system = 0.000s CPU (n/a%)

Start logic-optimization.
Executing : logic-optimization successfully. Time elapsed: 0.020s wall, 0.016s user + 0.000s system = 0.016s CPU (78.7%)

Start tech-mapping phase 1.
W: Public-4008: Instance 'CLKcount[26]' of 'bmsWIDEDFFRSE' unit is dangling and will be cleaned.
W: Public-4008: Instance 'CLKcount[25]' of 'bmsWIDEDFFRSE' unit is dangling and will be cleaned.
Executing : tech-mapping phase 1 successfully. Time elapsed: 0.003s wall, 0.016s user + 0.000s system = 0.016s CPU (545.2%)

Start tech-mapping phase 2.
Executing : tech-mapping phase 2 successfully. Time elapsed: 0.026s wall, 0.016s user + 0.000s system = 0.016s CPU (60.7%)

Start tech-optimization.
Executing : tech-optimization successfully. Time elapsed: 0.010s wall, 0.000s user + 0.000s system = 0.000s CPU (n/a%)

Start phys-optimization.
Executing : phys-optimization successfully. Time elapsed: 0.000s wall, 0.000s user + 0.000s system = 0.000s CPU (n/a%)

Start restore-hierarchy.
Executing : restore-hierarchy successfully. Time elapsed: 0.000s wall, 0.000s user + 0.000s system = 0.000s CPU (n/a%)


Cell Usage:
GTP_DFF                       4 uses
GTP_DFF_E                     1 use
GTP_DFF_R                    25 uses
GTP_GRS                       1 use
GTP_LUT1                      2 uses
GTP_LUT2                      1 use
GTP_LUT4                      1 use
GTP_LUT5                      6 uses
GTP_LUT5CARRY                24 uses

I/O ports: 7
GTP_INBUF                   1 use
GTP_IOBUF                   1 use
GTP_OUTBUF                  5 uses

Mapping Summary:
Total LUTs: 34 of 17536 (0.19%)
	LUTs as dram: 0 of 4440 (0.00%)
	LUTs as logic: 34
Total Registers: 30 of 26304 (0.11%)
Total Latches: 0

DRM18K:
Total DRM18K = 0.0 of 48 (0.00%)

APMs:
Total APMs = 0.00 of 30 (0.00%)

Total I/O ports = 7 of 240 (2.92%)


Overview of Control Sets:

Number of unique control sets : 3

Histogram:
**************************************************************
  Fanout      | Count    | Sync Set/Reset    Async Set/Reset
--------------------------------------------------------------
  [0, 2)      | 1        | 1                 0
  [2, 4)      | 0        | 0                 0
  [4, 6)      | 1        | 1                 0
  [6, 8)      | 0        | 0                 0
  [8, 10)     | 0        | 0                 0
  [10, 12)    | 0        | 0                 0
  [12, 14)    | 0        | 0                 0
  [14, 16)    | 0        | 0                 0
  [16, Inf)   | 1        | 1                 0
--------------------------------------------------------------
  The maximum fanout: 25
==============================================================

Flip-Flop Distribution:
************************************************************************
  Clock Enable    Sync Set/Reset    Async Set/Reset    Total Registers
------------------------------------------------------------------------
  NO              NO                NO                 4
  NO              NO                YES                0
  NO              YES               NO                 25
  YES             NO                NO                 1
  YES             NO                YES                0
  YES             YES               NO                 0
========================================================================

Latch Distribution:
************************************************
  Gate Enable    Preset/Clear    Total Latches
************************************************
  NO             NO              0
  NO             YES             0
  YES            NO              0
  YES            YES             0
************************************************

Design 'NHJSQ' has been successfully synthesized to architecture-specific objects.
Saving design to DB.
Saving design to NHJSQ_syn.vm
Constructing timing graph ...
Timing graph has been constructed successfully
W: STA-3011: Clock pin 'U1/Qtemp[0]/CLK' (GTP_DFF.CLK) has no clock, timing propagation is disabled at the pin.
W: STA-3011: Clock pin 'U1/Qtemp[1]/CLK' (GTP_DFF.CLK) has no clock, timing propagation is disabled at the pin.
W: STA-3011: Clock pin 'U1/Qtemp[2]/CLK' (GTP_DFF.CLK) has no clock, timing propagation is disabled at the pin.
W: STA-3011: Clock pin 'U1/Qtemp[3]/CLK' (GTP_DFF.CLK) has no clock, timing propagation is disabled at the pin.
W: Timing-4086: Port 'CLKen' is not constrained, it is treated as combinational input.
W: Timing-4087: Port 'CLKen' is not constrained, it is treated as combinational output.
W: Timing-4087: Port 'CLKout' is not constrained, it is treated as combinational output.
W: Timing-4087: Port 'QA' is not constrained, it is treated as combinational output.
W: Timing-4087: Port 'QB' is not constrained, it is treated as combinational output.
W: Timing-4087: Port 'QC' is not constrained, it is treated as combinational output.
W: Timing-4087: Port 'QD' is not constrained, it is treated as combinational output.
Action synthesize: Real time elapsed is 0h:0m:4s
Action synthesize: CPU time elapsed is 0h:0m:2s
Action synthesize: Process CPU time elapsed is 0h:0m:2s
Current time: Wed Jun  5 17:16:53 2024
Action synthesize: Peak memory pool usage is 216 MB
