#Build: Fabric Compiler 2022.2-SP1-Lite, Build 132640, Aug 18 15:12 2023
#Install: D:\pds\PDS_2022.2-SP1-Lite\bin
#Application name: pds_shell.exe
#OS: Windows 10 10.0.22631
#Hostname: 王凯的r9000p
Generated by Fabric Compiler (version 2022.2-SP1-Lite build 132640) at Wed Jun  5 17:12:42 2024
Compiling verification operator library.
Loading technology operator library.
Compiling technology operator library.
Compiling technology operator (valence) library.
I: Enable Verilog2k features and keywords
Start rtl-analyze.
Executing : .rtl_analyze -work work -include_path {C:/Users/r9000/project1/project} C:/Users/r9000/project1/project/source/NHJSQ.v
I: Verilog-0001: Analyzing file C:/Users/r9000/project1/project/source/NHJSQ.v
I: Verilog-0002: [C:/Users/r9000/project1/project/source/NHJSQ.v(line number: 1)] Analyzing module NHJSQ (library work)
Parsing done.
Executing : .rtl_analyze -work work -include_path {C:/Users/r9000/project1/project} C:/Users/r9000/project1/project/source/NHJSQ.v successfully.
Executing : .rtl_analyze -work work -include_path {C:/Users/r9000/project1/project} C:/Users/r9000/project1/project/source/gate74LS194.v
I: Verilog-0001: Analyzing file C:/Users/r9000/project1/project/source/gate74LS194.v
I: Verilog-0002: [C:/Users/r9000/project1/project/source/gate74LS194.v(line number: 1)] Analyzing module gate74LS194 (library work)
Parsing done.
Executing : .rtl_analyze -work work -include_path {C:/Users/r9000/project1/project} C:/Users/r9000/project1/project/source/gate74LS194.v successfully.
Executing : .rtl_analyze -work work -include_path {C:/Users/r9000/project1/project} C:/Users/r9000/project1/project/source/gate74LS20.v
I: Verilog-0001: Analyzing file C:/Users/r9000/project1/project/source/gate74LS20.v
I: Verilog-0002: [C:/Users/r9000/project1/project/source/gate74LS20.v(line number: 1)] Analyzing module gate74LS20 (library work)
Parsing done.
Executing : .rtl_analyze -work work -include_path {C:/Users/r9000/project1/project} C:/Users/r9000/project1/project/source/gate74LS20.v successfully.
I: Module "NHJSQ" is set as top module.
Executing : rtl-analyze successfully. Time elapsed: 5.033s wall, 0.000s user + 0.000s system = 0.000s CPU (n/a%)

Start rtl-elaborate.
I: Verilog-0003: [C:/Users/r9000/project1/project/source/NHJSQ.v(line number: 1)] Elaborating module NHJSQ
I: Verilog-0004: [C:/Users/r9000/project1/project/source/NHJSQ.v(line number: 26)] Elaborating instance U1
I: Verilog-0003: [C:/Users/r9000/project1/project/source/gate74LS194.v(line number: 1)] Elaborating module gate74LS194
I: Verilog-0004: [C:/Users/r9000/project1/project/source/NHJSQ.v(line number: 27)] Elaborating instance U2
I: Verilog-0003: [C:/Users/r9000/project1/project/source/gate74LS20.v(line number: 1)] Elaborating module gate74LS20
E: Verilog-4072: [C:/Users/r9000/project1/project/source/NHJSQ.v(line number: 28)] gate74LS00 is referenced to undefined module
Program Error Out.
Action compile: Real time elapsed is 0h:0m:8s
Action compile: CPU time elapsed is 0h:0m:2s
Action compile: Process CPU time elapsed is 0h:0m:2s
Current time: Wed Jun  5 17:12:49 2024
Action compile: Peak memory pool usage is 188 MB
