#Build: Fabric Compiler 2022.2-SP1-Lite, Build 132640, Aug 18 15:12 2023
#Install: D:\pds\PDS_2022.2-SP1-Lite\bin
#Application name: pds_shell.exe
#OS: Windows 10 10.0.22631
#Hostname: 王凯的r9000p
Generated by Fabric Compiler (version 2022.2-SP1-Lite build 132640) at Wed Jun  5 17:16:55 2024
Compiling verification operator library.
Compiling common defs.
Loading technology operator library.
Compiling technology operator library.
Compiling technology operator (valence) library.
Compiling operator packing rules.
Compiling prim grid devices.
Compiling gate devices.
Compiling gate operators.
Compiling tech operator impls.
Building architecture model.
Loading device packaging model.
W: ConstraintEditor-4019: Port 'CLKen' unspecified I/O constraint.
W: ConstraintEditor-4019: Port 'CLKout' unspecified I/O constraint.
W: ConstraintEditor-4019: Port 'QA' unspecified I/O constraint.
W: ConstraintEditor-4019: Port 'QB' unspecified I/O constraint.
W: ConstraintEditor-4019: Port 'QC' unspecified I/O constraint.
W: ConstraintEditor-4019: Port 'QD' unspecified I/O constraint.
W: ConstraintEditor-4019: Port 'exCLK' unspecified I/O constraint.
C: SDC-2025: Clock source 'n:CLKin' need a clock constraint, please use 'create_clock' or 'create_generate_clock' to generate.
Flattening design 'NHJSQ'
Device mapping started.
Optimizing circuit logic.
Checking design netlist.
Processing tech operator.
I: The instance clkbufg_0(GTP_CLKBUFG) has been inserted on the net nt_exCLK in design, driver pin O(instance exCLK_ibuf) -> load pin CLK(instance CLKcount[0]).
Converting tech operator to gate operator.
Processing gate operator.
I: Infer CARRY group, base inst: N6_0_1/gateop, insts:24.
Device Utilization Summary:
+------------------------------------------------------------------------+
| Logic Utilization     | Used     | Available     | Utilization(%)     
+------------------------------------------------------------------------+
| APM                   | 0        | 30            | 0                  
| IOCKDLY               | 0        | 24            | 0                  
| FF                    | 30       | 26304         | 1                  
| LUT                   | 34       | 17536         | 1                  
| Distributed RAM       | 0        | 4440          | 0                  
| DLL                   | 0        | 6             | 0                  
| DQSL                  | 0        | 18            | 0                  
| DRM                   | 0        | 48            | 0                  
| FUSECODE              | 0        | 1             | 0                  
| IO                    | 7        | 240           | 3                  
| IOCKDIV               | 0        | 12            | 0                  
| IOCKGATE              | 0        | 12            | 0                  
| IPAL                  | 0        | 1             | 0                  
| PLL                   | 0        | 6             | 0                  
| RCKB                  | 0        | 24            | 0                  
| SCANCHAIN             | 0        | 4             | 0                  
| START                 | 0        | 1             | 0                  
| USCM                  | 1        | 20            | 5                  
| HMEMC                 | 0        | 2             | 0                  
| OSC                   | 0        | 1             | 0                  
| ADC                   | 0        | 1             | 0                  
| CRYSTAL               | 0        | 6             | 0                  
| FLSIF                 | 0        | 1             | 0                  
| RESCAL                | 0        | 6             | 0                  
| UDID                  | 0        | 1             | 0                  
+------------------------------------------------------------------------+

Device mapping done.
Total device mapping takes 0.00 sec.

Design 'NHJSQ' has been successfully mapped to architecture-specific objects.
Saving design to DB.
Action dev_map: Real time elapsed is 0h:0m:8s
Action dev_map: CPU time elapsed is 0h:0m:7s
Action dev_map: Process CPU time elapsed is 0h:0m:7s
Current time: Wed Jun  5 17:17:01 2024
Action dev_map: Peak memory pool usage is 281 MB
