[Info] [2024-6-5 16:42:02] /***************************Start Configuration***************************/
[Info] [2024-6-5 16:42:02] Path: D:/pds/PDS_2022.2-SP1-Lite/bin
[Info] [2024-6-5 16:42:02] Version: 132640
[Info] [2024-6-5 16:42:03] Current Path: C:/Users/r9000/project/project
[Info] [2024-6-5 16:42:03] PDS Dir Path: C:/Users/r9000/project/project
[Info] [2024-6-5 16:42:05] Configuration is not connect with server. connect first then scan chain.
[Debug] [2024-6-5 16:42:05] Client Local host name:???r9000p
[Debug] [2024-6-5 16:42:05] Client Local Address:192.168.43.168
[Debug] [2024-6-5 16:42:05] Server Address:127.0.0.1, Port:65420
[Info] [2024-6-5 16:42:07] Connect OK, Server: 127.0.0.1  Port: 65420
[Debug] [2024-6-5 16:42:07] Finish.
[Info] [2024-6-5 16:42:07] Connect server succeeded
[Debug] [2024-6-5 16:42:07] Send RPC:1
[Debug] [2024-6-5 16:42:07] Send cmd [check version information:40004] OK
[Debug] [2024-6-5 16:42:07] Send RPC:2
[Debug] [2024-6-5 16:42:07] Send cmd [get_cable_paras:40010] OK
[Debug] [2024-6-5 16:42:07] Begin to send initialize chain cmd...
[Debug] [2024-6-5 16:42:07] Send RPC:3
[Debug] [2024-6-5 16:42:07] Send cmd [Open config cable:20001] OK
[Debug] [2024-6-5 16:42:07] End to send initialize chain cmd.
[Debug] [2024-6-5 16:42:07] COMMAND[check version information] execute successfully, takes 0.1 secs.
[Debug] [2024-6-5 16:42:08] COMMAND[get_cable_paras] execute successfully, takes 1.0 secs.
[Debug] [2024-6-5 16:42:08] begin the exec of open cable cmd...
[Debug] [2024-6-5 16:42:08] Begin to deal with chain from server...
[Debug] [2024-6-5 16:42:08] Begin to set user chain...
[Debug] [2024-6-5 16:42:08] End to set user chain.
[Debug] [2024-6-5 16:42:08] Begin to update graphic item and tree item ...
[Debug] [2024-6-5 16:42:08] End to update graphic item and tree item ...
[Info] [2024-6-5 16:42:11] set OpenLastPath: C:/Users/r9000/project/project/generate_bitstream/jishuqi.sbit
[Debug] [2024-6-5 16:42:11] begin to get device info from CFG file...
[Debug] [2024-6-5 16:42:11] end to get device info from CFG file...
[Debug] [2024-6-5 16:42:11] Begin to update graphic item and tree item ...
[Debug] [2024-6-5 16:42:11] End to update graphic item and tree item ...
[Debug] [2024-6-5 16:42:11] Begin to update graphic item and tree item ...
[Debug] [2024-6-5 16:42:11] End to update graphic item and tree item ...
[Debug] [2024-6-5 16:42:11] End to deal wiht chain from server.
[Debug] [2024-6-5 16:42:11] end the exec of open cable cmd.
[Debug] [2024-6-5 16:42:11] COMMAND[Open config cable] execute successfully, takes 4.5 secs.
[Debug] [2024-6-5 16:42:13] Begin to send programming cmd...
[Debug] [2024-6-5 16:42:13] Send RPC:4
[Debug] [2024-6-5 16:42:13] Begin to send program data.
[Debug] [2024-6-5 16:42:13] End to send program data.
[Debug] [2024-6-5 16:42:13] Send cmd [Program:20002] OK
[Debug] [2024-6-5 16:42:14] The value of Progress is 6
[Debug] [2024-6-5 16:42:14] The value of Progress is 10
[Debug] [2024-6-5 16:42:14] The value of Progress is 15
[Debug] [2024-6-5 16:42:14] The value of Progress is 20
[Debug] [2024-6-5 16:42:14] The value of Progress is 25
[Debug] [2024-6-5 16:42:14] The value of Progress is 30
[Debug] [2024-6-5 16:42:14] The value of Progress is 35
[Debug] [2024-6-5 16:42:14] The value of Progress is 40
[Debug] [2024-6-5 16:42:14] The value of Progress is 45
[Debug] [2024-6-5 16:42:14] The value of Progress is 50
[Debug] [2024-6-5 16:42:14] The value of Progress is 55
[Debug] [2024-6-5 16:42:14] The value of Progress is 60
[Debug] [2024-6-5 16:42:14] The value of Progress is 65
[Debug] [2024-6-5 16:42:14] The value of Progress is 70
[Debug] [2024-6-5 16:42:14] The value of Progress is 75
[Debug] [2024-6-5 16:42:14] The value of Progress is 80
[Debug] [2024-6-5 16:42:14] The value of Progress is 85
[Debug] [2024-6-5 16:42:14] The value of Progress is 90
[Debug] [2024-6-5 16:42:14] The value of Progress is 95
[Debug] [2024-6-5 16:42:14] The value of Progress is 100
[Debug] [2024-6-5 16:42:14] COMMAND[Program] execute successfully, takes 1.0 secs.
[Debug] [2024-6-5 16:42:14] End to send programming cmd.
[Info] [2024-6-5 16:43:24] /***************************End Configration***************************/
[Info] [2024-6-5 16:44:27] /***************************Start Configuration***************************/
[Info] [2024-6-5 16:44:27] Path: D:/pds/PDS_2022.2-SP1-Lite/bin
[Info] [2024-6-5 16:44:27] Version: 132640
[Info] [2024-6-5 16:44:28] Current Path: C:/Users/r9000/project/project
[Info] [2024-6-5 16:44:28] PDS Dir Path: C:/Users/r9000/project/project
[Info] [2024-6-5 16:44:30] Configuration is not connect with server. connect first then scan chain.
[Debug] [2024-6-5 16:44:30] Client Local host name:???r9000p
[Debug] [2024-6-5 16:44:30] Client Local Address:192.168.43.168
[Debug] [2024-6-5 16:44:30] Server Address:127.0.0.1, Port:65420
[Info] [2024-6-5 16:44:32] Connect OK, Server: 127.0.0.1  Port: 65420
[Debug] [2024-6-5 16:44:32] Finish.
[Info] [2024-6-5 16:44:32] Connect server succeeded
[Debug] [2024-6-5 16:44:32] Send RPC:1
[Debug] [2024-6-5 16:44:32] Send cmd [check version information:40004] OK
[Debug] [2024-6-5 16:44:32] Send RPC:2
[Debug] [2024-6-5 16:44:32] Send cmd [get_cable_paras:40010] OK
[Debug] [2024-6-5 16:44:32] Begin to send initialize chain cmd...
[Debug] [2024-6-5 16:44:32] Send RPC:3
[Debug] [2024-6-5 16:44:32] Send cmd [Open config cable:20001] OK
[Debug] [2024-6-5 16:44:32] End to send initialize chain cmd.
[Debug] [2024-6-5 16:44:32] COMMAND[check version information] execute successfully, takes 0.1 secs.
[Debug] [2024-6-5 16:44:33] COMMAND[get_cable_paras] execute successfully, takes 0.9 secs.
[Debug] [2024-6-5 16:44:33] begin the exec of open cable cmd...
[Debug] [2024-6-5 16:44:33] Begin to deal with chain from server...
[Debug] [2024-6-5 16:44:33] Begin to set user chain...
[Debug] [2024-6-5 16:44:33] End to set user chain.
[Debug] [2024-6-5 16:44:33] Begin to update graphic item and tree item ...
[Debug] [2024-6-5 16:44:33] End to update graphic item and tree item ...
[Info] [2024-6-5 16:44:35] set OpenLastPath: C:/Users/r9000/project/project/generate_bitstream/jishuqi.sbit
[Debug] [2024-6-5 16:44:35] begin to get device info from CFG file...
[Debug] [2024-6-5 16:44:35] end to get device info from CFG file...
[Debug] [2024-6-5 16:44:35] Begin to update graphic item and tree item ...
[Debug] [2024-6-5 16:44:35] End to update graphic item and tree item ...
[Debug] [2024-6-5 16:44:35] Begin to update graphic item and tree item ...
[Debug] [2024-6-5 16:44:35] End to update graphic item and tree item ...
[Debug] [2024-6-5 16:44:35] End to deal wiht chain from server.
[Debug] [2024-6-5 16:44:35] end the exec of open cable cmd.
[Debug] [2024-6-5 16:44:35] COMMAND[Open config cable] execute successfully, takes 3.1 secs.
[Debug] [2024-6-5 16:44:37] Begin to send programming cmd...
[Debug] [2024-6-5 16:44:37] Send RPC:4
[Debug] [2024-6-5 16:44:37] Begin to send program data.
[Debug] [2024-6-5 16:44:37] End to send program data.
[Debug] [2024-6-5 16:44:37] Send cmd [Program:20002] OK
[Debug] [2024-6-5 16:44:37] The value of Progress is 6
[Debug] [2024-6-5 16:44:37] The value of Progress is 10
[Debug] [2024-6-5 16:44:37] The value of Progress is 15
[Debug] [2024-6-5 16:44:37] The value of Progress is 20
[Debug] [2024-6-5 16:44:37] The value of Progress is 25
[Debug] [2024-6-5 16:44:37] The value of Progress is 30
[Debug] [2024-6-5 16:44:37] The value of Progress is 35
[Debug] [2024-6-5 16:44:37] The value of Progress is 40
[Debug] [2024-6-5 16:44:37] The value of Progress is 45
[Debug] [2024-6-5 16:44:37] The value of Progress is 50
[Debug] [2024-6-5 16:44:37] The value of Progress is 55
[Debug] [2024-6-5 16:44:37] The value of Progress is 60
[Debug] [2024-6-5 16:44:37] The value of Progress is 65
[Debug] [2024-6-5 16:44:37] The value of Progress is 70
[Debug] [2024-6-5 16:44:37] The value of Progress is 75
[Debug] [2024-6-5 16:44:37] The value of Progress is 80
[Debug] [2024-6-5 16:44:37] The value of Progress is 85
[Debug] [2024-6-5 16:44:37] The value of Progress is 90
[Debug] [2024-6-5 16:44:37] The value of Progress is 95
[Debug] [2024-6-5 16:44:37] The value of Progress is 100
[Debug] [2024-6-5 16:44:38] COMMAND[Program] execute successfully, takes 1.0 secs.
[Debug] [2024-6-5 16:44:38] End to send programming cmd.
[Debug] [2024-6-5 17:00:01] Begin to send initialize chain cmd...
[Debug] [2024-6-5 17:00:01] Send RPC:5
[Debug] [2024-6-5 17:00:01] Send cmd [Open config cable:20001] OK
[Debug] [2024-6-5 17:00:01] End to send initialize chain cmd.
[Debug] [2024-6-5 17:00:02] begin the exec of open cable cmd...
[Debug] [2024-6-5 17:00:02] Begin to deal with chain from server...
[Debug] [2024-6-5 17:00:02] Begin to set user chain...
[Debug] [2024-6-5 17:00:02] End to set user chain.
[Debug] [2024-6-5 17:00:02] Begin to update graphic item and tree item ...
[Debug] [2024-6-5 17:00:02] End to update graphic item and tree item ...
[Info] [2024-6-5 17:00:05] set OpenLastPath: C:/Users/r9000/project/project/generate_bitstream/jishuqi.sbit
[Debug] [2024-6-5 17:00:05] begin to get device info from CFG file...
[Debug] [2024-6-5 17:00:05] end to get device info from CFG file...
[Debug] [2024-6-5 17:00:05] Begin to update graphic item and tree item ...
[Debug] [2024-6-5 17:00:05] End to update graphic item and tree item ...
[Debug] [2024-6-5 17:00:05] Begin to update graphic item and tree item ...
[Debug] [2024-6-5 17:00:05] End to update graphic item and tree item ...
[Debug] [2024-6-5 17:00:05] End to deal wiht chain from server.
[Debug] [2024-6-5 17:00:05] end the exec of open cable cmd.
[Debug] [2024-6-5 17:00:05] COMMAND[Open config cable] execute successfully, takes 3.5 secs.
[Debug] [2024-6-5 17:00:07] Begin to send programming cmd...
[Debug] [2024-6-5 17:00:07] Send RPC:6
[Debug] [2024-6-5 17:00:07] Begin to send program data.
[Debug] [2024-6-5 17:00:07] End to send program data.
[Debug] [2024-6-5 17:00:07] Send cmd [Program:20002] OK
[Debug] [2024-6-5 17:00:07] The value of Progress is 6
[Debug] [2024-6-5 17:00:07] The value of Progress is 10
[Debug] [2024-6-5 17:00:07] The value of Progress is 15
[Debug] [2024-6-5 17:00:08] The value of Progress is 20
[Debug] [2024-6-5 17:00:08] The value of Progress is 25
[Debug] [2024-6-5 17:00:08] The value of Progress is 30
[Debug] [2024-6-5 17:00:08] The value of Progress is 35
[Debug] [2024-6-5 17:00:08] The value of Progress is 40
[Debug] [2024-6-5 17:00:08] The value of Progress is 45
[Debug] [2024-6-5 17:00:08] The value of Progress is 50
[Debug] [2024-6-5 17:00:08] The value of Progress is 55
[Debug] [2024-6-5 17:00:08] The value of Progress is 60
[Debug] [2024-6-5 17:00:08] The value of Progress is 65
[Debug] [2024-6-5 17:00:08] The value of Progress is 70
[Debug] [2024-6-5 17:00:08] The value of Progress is 75
[Debug] [2024-6-5 17:00:08] The value of Progress is 80
[Debug] [2024-6-5 17:00:08] The value of Progress is 85
[Debug] [2024-6-5 17:00:08] The value of Progress is 90
[Debug] [2024-6-5 17:00:08] The value of Progress is 95
[Debug] [2024-6-5 17:00:08] The value of Progress is 100
[Debug] [2024-6-5 17:00:08] COMMAND[Program] execute successfully, takes 0.9 secs.
[Debug] [2024-6-5 17:00:08] End to send programming cmd.
[Info] [2024-6-5 17:00:43] /***************************End Configration***************************/
[Info] [2024-6-5 17:41:35] /***************************Start Configuration***************************/
[Info] [2024-6-5 17:41:35] Path: D:/pds/PDS_2022.2-SP1-Lite/bin
[Info] [2024-6-5 17:41:35] Version: 132640
[Info] [2024-6-5 17:41:36] Current Path: C:/Users/r9000/project/project
[Info] [2024-6-5 17:41:36] PDS Dir Path: C:/Users/r9000/project/project
[Info] [2024-6-5 17:41:39] Configuration is not connect with server. connect first then scan chain.
[Debug] [2024-6-5 17:41:39] Client Local host name:???r9000p
[Debug] [2024-6-5 17:41:39] Client Local Address:192.168.43.168
[Debug] [2024-6-5 17:41:39] Server Address:127.0.0.1, Port:65420
[Info] [2024-6-5 17:41:41] Connect OK, Server: 127.0.0.1  Port: 65420
[Debug] [2024-6-5 17:41:41] Finish.
[Info] [2024-6-5 17:41:41] Connect server succeeded
[Debug] [2024-6-5 17:41:41] Send RPC:1
[Debug] [2024-6-5 17:41:41] Send cmd [check version information:40004] OK
[Debug] [2024-6-5 17:41:42] Send RPC:2
[Debug] [2024-6-5 17:41:42] Send cmd [get_cable_paras:40010] OK
[Debug] [2024-6-5 17:41:42] Begin to send initialize chain cmd...
[Debug] [2024-6-5 17:41:42] Send RPC:3
[Debug] [2024-6-5 17:41:42] Send cmd [Open config cable:20001] OK
[Debug] [2024-6-5 17:41:42] End to send initialize chain cmd.
[Debug] [2024-6-5 17:41:42] COMMAND[check version information] execute successfully, takes 0.8 secs.
[Debug] [2024-6-5 17:41:43] COMMAND[get_cable_paras] execute successfully, takes 1.3 secs.
[Debug] [2024-6-5 17:41:44] begin the exec of open cable cmd...
[Debug] [2024-6-5 17:41:44] Begin to deal with chain from server...
[Debug] [2024-6-5 17:41:44] Begin to set user chain...
[Debug] [2024-6-5 17:41:44] End to set user chain.
[Debug] [2024-6-5 17:41:44] Begin to update graphic item and tree item ...
[Debug] [2024-6-5 17:41:44] End to update graphic item and tree item ...
[Info] [2024-6-5 17:41:46] set OpenLastPath: C:/Users/r9000/project/project/generate_bitstream/jishuqi.sbit
[Debug] [2024-6-5 17:41:46] begin to get device info from CFG file...
[Debug] [2024-6-5 17:41:46] end to get device info from CFG file...
[Debug] [2024-6-5 17:41:47] Begin to update graphic item and tree item ...
[Debug] [2024-6-5 17:41:47] End to update graphic item and tree item ...
[Debug] [2024-6-5 17:41:47] Begin to update graphic item and tree item ...
[Debug] [2024-6-5 17:41:47] End to update graphic item and tree item ...
[Debug] [2024-6-5 17:41:47] End to deal wiht chain from server.
[Debug] [2024-6-5 17:41:47] end the exec of open cable cmd.
[Debug] [2024-6-5 17:41:47] COMMAND[Open config cable] execute successfully, takes 4.5 secs.
[Debug] [2024-6-5 17:41:48] Begin to send programming cmd...
[Debug] [2024-6-5 17:41:48] Send RPC:4
[Debug] [2024-6-5 17:41:48] Begin to send program data.
[Debug] [2024-6-5 17:41:48] End to send program data.
[Debug] [2024-6-5 17:41:48] Send cmd [Program:20002] OK
[Debug] [2024-6-5 17:41:49] The value of Progress is 6
[Debug] [2024-6-5 17:41:49] The value of Progress is 10
[Debug] [2024-6-5 17:41:49] The value of Progress is 15
[Debug] [2024-6-5 17:41:49] The value of Progress is 20
[Debug] [2024-6-5 17:41:49] The value of Progress is 25
[Debug] [2024-6-5 17:41:49] The value of Progress is 30
[Debug] [2024-6-5 17:41:49] The value of Progress is 35
[Debug] [2024-6-5 17:41:49] The value of Progress is 40
[Debug] [2024-6-5 17:41:49] The value of Progress is 45
[Debug] [2024-6-5 17:41:49] The value of Progress is 50
[Debug] [2024-6-5 17:41:49] The value of Progress is 55
[Debug] [2024-6-5 17:41:49] The value of Progress is 60
[Debug] [2024-6-5 17:41:49] The value of Progress is 65
[Debug] [2024-6-5 17:41:49] The value of Progress is 70
[Debug] [2024-6-5 17:41:49] The value of Progress is 75
[Debug] [2024-6-5 17:41:49] The value of Progress is 80
[Debug] [2024-6-5 17:41:49] The value of Progress is 85
[Debug] [2024-6-5 17:41:49] The value of Progress is 90
[Debug] [2024-6-5 17:41:49] The value of Progress is 95
[Debug] [2024-6-5 17:41:49] The value of Progress is 100
[Debug] [2024-6-5 17:41:49] COMMAND[Program] execute successfully, takes 0.9 secs.
[Debug] [2024-6-5 17:41:49] End to send programming cmd.
[Info] [2024-6-5 17:45:10] /***************************End Configration***************************/
[Info] [2024-6-5 17:47:42] /***************************Start Configuration***************************/
[Info] [2024-6-5 17:47:42] Path: D:/pds/PDS_2022.2-SP1-Lite/bin
[Info] [2024-6-5 17:47:42] Version: 132640
[Info] [2024-6-5 17:47:43] Current Path: C:/Users/r9000/project/project
[Info] [2024-6-5 17:47:43] PDS Dir Path: C:/Users/r9000/project/project
[Info] [2024-6-5 17:47:53] Configuration is not connect with server. connect first then scan chain.
[Debug] [2024-6-5 17:47:53] Client Local host name:???r9000p
[Debug] [2024-6-5 17:47:53] Client Local Address:192.168.43.168
[Debug] [2024-6-5 17:47:53] Server Address:127.0.0.1, Port:65420
[Info] [2024-6-5 17:47:55] Connect OK, Server: 127.0.0.1  Port: 65420
[Debug] [2024-6-5 17:47:55] Finish.
[Info] [2024-6-5 17:47:55] Connect server succeeded
[Debug] [2024-6-5 17:47:55] Send RPC:1
[Debug] [2024-6-5 17:47:55] Send cmd [check version information:40004] OK
[Debug] [2024-6-5 17:47:55] Send RPC:2
[Debug] [2024-6-5 17:47:55] Send cmd [get_cable_paras:40010] OK
[Debug] [2024-6-5 17:47:55] Begin to send initialize chain cmd...
[Debug] [2024-6-5 17:47:55] Send RPC:3
[Debug] [2024-6-5 17:47:55] Send cmd [Open config cable:20001] OK
[Debug] [2024-6-5 17:47:55] End to send initialize chain cmd.
[Debug] [2024-6-5 17:47:55] COMMAND[check version information] execute successfully, takes 0.7 secs.
[Debug] [2024-6-5 17:47:57] COMMAND[get_cable_paras] execute successfully, takes 1.3 secs.
[Debug] [2024-6-5 17:47:57] begin the exec of open cable cmd...
[Debug] [2024-6-5 17:47:57] Begin to deal with chain from server...
[Debug] [2024-6-5 17:47:57] Begin to set user chain...
[Debug] [2024-6-5 17:47:57] End to set user chain.
[Debug] [2024-6-5 17:47:57] Begin to update graphic item and tree item ...
[Debug] [2024-6-5 17:47:57] End to update graphic item and tree item ...
[Info] [2024-6-5 17:48:01] set OpenLastPath: C:/Users/r9000/project/project/generate_bitstream/jishuqi.sbit
[Debug] [2024-6-5 17:48:01] begin to get device info from CFG file...
[Debug] [2024-6-5 17:48:01] end to get device info from CFG file...
[Debug] [2024-6-5 17:48:01] Begin to update graphic item and tree item ...
[Debug] [2024-6-5 17:48:01] End to update graphic item and tree item ...
[Debug] [2024-6-5 17:48:01] Begin to update graphic item and tree item ...
[Debug] [2024-6-5 17:48:01] End to update graphic item and tree item ...
[Debug] [2024-6-5 17:48:01] End to deal wiht chain from server.
[Debug] [2024-6-5 17:48:01] end the exec of open cable cmd.
[Debug] [2024-6-5 17:48:01] COMMAND[Open config cable] execute successfully, takes 5.6 secs.
[Debug] [2024-6-5 17:48:04] Begin to send programming cmd...
[Debug] [2024-6-5 17:48:04] Send RPC:4
[Debug] [2024-6-5 17:48:04] Begin to send program data.
[Debug] [2024-6-5 17:48:04] End to send program data.
[Debug] [2024-6-5 17:48:04] Send cmd [Program:20002] OK
[Debug] [2024-6-5 17:48:04] The value of Progress is 6
[Debug] [2024-6-5 17:48:04] The value of Progress is 10
[Debug] [2024-6-5 17:48:04] The value of Progress is 15
[Debug] [2024-6-5 17:48:04] The value of Progress is 20
[Debug] [2024-6-5 17:48:04] The value of Progress is 25
[Debug] [2024-6-5 17:48:05] The value of Progress is 30
[Debug] [2024-6-5 17:48:05] The value of Progress is 35
[Debug] [2024-6-5 17:48:05] The value of Progress is 40
[Debug] [2024-6-5 17:48:05] The value of Progress is 45
[Debug] [2024-6-5 17:48:05] The value of Progress is 50
[Debug] [2024-6-5 17:48:05] The value of Progress is 55
[Debug] [2024-6-5 17:48:05] The value of Progress is 60
[Debug] [2024-6-5 17:48:05] The value of Progress is 65
[Debug] [2024-6-5 17:48:05] The value of Progress is 70
[Debug] [2024-6-5 17:48:05] The value of Progress is 75
[Debug] [2024-6-5 17:48:05] The value of Progress is 80
[Debug] [2024-6-5 17:48:05] The value of Progress is 85
[Debug] [2024-6-5 17:48:05] The value of Progress is 90
[Debug] [2024-6-5 17:48:05] The value of Progress is 95
[Debug] [2024-6-5 17:48:05] The value of Progress is 100
[Debug] [2024-6-5 17:48:05] COMMAND[Program] execute successfully, takes 1.0 secs.
[Debug] [2024-6-5 17:48:05] End to send programming cmd.
[Info] [2024-6-5 17:49:11] /***************************End Configration***************************/
[Info] [2024-6-5 17:56:37] /***************************Start Configuration***************************/
[Info] [2024-6-5 17:56:37] Path: D:/pds/PDS_2022.2-SP1-Lite/bin
[Info] [2024-6-5 17:56:37] Version: 132640
[Info] [2024-6-5 17:56:38] Current Path: C:/Users/r9000/project/project
[Info] [2024-6-5 17:56:38] PDS Dir Path: C:/Users/r9000/project/project
[Info] [2024-6-5 17:56:49] Configuration is not connect with server. connect first then scan chain.
[Debug] [2024-6-5 17:56:49] Client Local host name:???r9000p
[Debug] [2024-6-5 17:56:49] Client Local Address:192.168.43.168
[Debug] [2024-6-5 17:56:49] Server Address:127.0.0.1, Port:65420
[Info] [2024-6-5 17:56:51] Connect OK, Server: 127.0.0.1  Port: 65420
[Debug] [2024-6-5 17:56:51] Finish.
[Info] [2024-6-5 17:56:51] Connect server succeeded
[Debug] [2024-6-5 17:56:51] Send RPC:1
[Debug] [2024-6-5 17:56:51] Send cmd [check version information:40004] OK
[Debug] [2024-6-5 17:56:52] Send RPC:2
[Debug] [2024-6-5 17:56:52] Send cmd [get_cable_paras:40010] OK
[Debug] [2024-6-5 17:56:52] Begin to send initialize chain cmd...
[Debug] [2024-6-5 17:56:52] Send RPC:3
[Debug] [2024-6-5 17:56:52] Send cmd [Open config cable:20001] OK
[Debug] [2024-6-5 17:56:52] End to send initialize chain cmd.
[Debug] [2024-6-5 17:56:52] COMMAND[check version information] execute successfully, takes 1.1 secs.
[Debug] [2024-6-5 17:56:54] COMMAND[get_cable_paras] execute successfully, takes 1.7 secs.
[Error] [2024-6-5 17:56:54] fail to exec Open config cable cmd...
[Debug] [2024-6-5 17:57:00] Begin to send initialize chain cmd...
[Debug] [2024-6-5 17:57:00] Send RPC:4
[Debug] [2024-6-5 17:57:00] Send cmd [Open config cable:20001] OK
[Debug] [2024-6-5 17:57:00] End to send initialize chain cmd.
[Error] [2024-6-5 17:57:00] fail to exec Open config cable cmd...
[Info] [2024-6-5 17:57:03] /***************************End Configration***************************/
[Info] [2024-6-5 17:58:51] /***************************Start Configuration***************************/
[Info] [2024-6-5 17:58:51] Path: D:/pds/PDS_2022.2-SP1-Lite/bin
[Info] [2024-6-5 17:58:51] Version: 132640
[Info] [2024-6-5 17:58:52] Current Path: C:/Users/r9000/project/project
[Info] [2024-6-5 17:58:52] PDS Dir Path: C:/Users/r9000/project/project
[Info] [2024-6-5 17:59:07] /***************************End Configration***************************/
[Info] [2024-6-5 17:59:13] /***************************Start Configuration***************************/
[Info] [2024-6-5 17:59:13] Path: D:/pds/PDS_2022.2-SP1-Lite/bin
[Info] [2024-6-5 17:59:13] Version: 132640
[Info] [2024-6-5 17:59:14] Current Path: C:/Users/r9000/project/project
[Info] [2024-6-5 17:59:14] PDS Dir Path: C:/Users/r9000/project/project
[Info] [2024-6-5 17:59:16] Configuration is not connect with server. connect first then scan chain.
[Debug] [2024-6-5 17:59:17] Client Local host name:???r9000p
[Debug] [2024-6-5 17:59:17] Client Local Address:192.168.43.168
[Debug] [2024-6-5 17:59:17] Server Address:127.0.0.1, Port:65420
[Info] [2024-6-5 17:59:19] Connect OK, Server: 127.0.0.1  Port: 65420
[Debug] [2024-6-5 17:59:19] Finish.
[Info] [2024-6-5 17:59:19] Connect server succeeded
[Debug] [2024-6-5 17:59:19] Send RPC:1
[Debug] [2024-6-5 17:59:19] Send cmd [check version information:40004] OK
[Debug] [2024-6-5 17:59:20] Send RPC:2
[Debug] [2024-6-5 17:59:20] Send cmd [get_cable_paras:40010] OK
[Debug] [2024-6-5 17:59:20] Begin to send initialize chain cmd...
[Debug] [2024-6-5 17:59:20] Send RPC:3
[Debug] [2024-6-5 17:59:20] Send cmd [Open config cable:20001] OK
[Debug] [2024-6-5 17:59:20] End to send initialize chain cmd.
[Debug] [2024-6-5 17:59:20] COMMAND[check version information] execute successfully, takes 1.0 secs.
[Debug] [2024-6-5 17:59:21] COMMAND[get_cable_paras] execute successfully, takes 1.7 secs.
[Error] [2024-6-5 17:59:21] fail to exec Open config cable cmd...
[Debug] [2024-6-5 17:59:53] Begin to send initialize chain cmd...
[Debug] [2024-6-5 17:59:53] Begin to send cmd of scanning flash device on board
[Debug] [2024-6-5 17:59:53] Send RPC:4
[Debug] [2024-6-5 17:59:53] Send cmd [Scan SPI Device On Board:20100] OK
[Debug] [2024-6-5 17:59:53] End to send cmd of scanning flash device on board
[Debug] [2024-6-5 17:59:53] End to send initialize chain cmd.
[Debug] [2024-6-5 17:59:53] begin to scan flash device.
[Error] [2024-6-5 17:59:53] fail to exec Scan SPI Device On Board cmd...
[Info] [2024-6-5 18:00:03] /***************************End Configration***************************/
[Info] [2024-6-5 18:00:16] /***************************Start Configuration***************************/
[Info] [2024-6-5 18:00:16] Path: D:/pds/PDS_2022.2-SP1-Lite/bin
[Info] [2024-6-5 18:00:16] Version: 132640
[Info] [2024-6-5 18:00:17] Current Path: C:/Users/r9000/project/project
[Info] [2024-6-5 18:00:17] PDS Dir Path: C:/Users/r9000/project/project
[Info] [2024-6-5 18:00:20] Configuration is not connect with server. connect first then scan chain.
[Debug] [2024-6-5 18:00:20] Client Local host name:???r9000p
[Debug] [2024-6-5 18:00:20] Client Local Address:192.168.43.168
[Debug] [2024-6-5 18:00:20] Server Address:127.0.0.1, Port:65420
[Info] [2024-6-5 18:00:22] Connect OK, Server: 127.0.0.1  Port: 65420
[Debug] [2024-6-5 18:00:22] Finish.
[Info] [2024-6-5 18:00:22] Connect server succeeded
[Debug] [2024-6-5 18:00:22] Send RPC:1
[Debug] [2024-6-5 18:00:22] Send cmd [check version information:40004] OK
[Debug] [2024-6-5 18:00:23] Send RPC:2
[Debug] [2024-6-5 18:00:23] Send cmd [get_cable_paras:40010] OK
[Debug] [2024-6-5 18:00:23] Begin to send initialize chain cmd...
[Debug] [2024-6-5 18:00:23] Send RPC:3
[Debug] [2024-6-5 18:00:23] Send cmd [Open config cable:20001] OK
[Debug] [2024-6-5 18:00:23] End to send initialize chain cmd.
[Debug] [2024-6-5 18:00:23] COMMAND[check version information] execute successfully, takes 1.0 secs.
[Debug] [2024-6-5 18:00:25] COMMAND[get_cable_paras] execute successfully, takes 1.7 secs.
[Error] [2024-6-5 18:00:25] fail to exec Open config cable cmd...
[Info] [2024-6-5 18:00:28] /***************************End Configration***************************/
[Info] [2024-6-5 18:01:15] /***************************Start Configuration***************************/
[Info] [2024-6-5 18:01:15] Path: D:/pds/PDS_2022.2-SP1-Lite/bin
[Info] [2024-6-5 18:01:15] Version: 132640
[Info] [2024-6-5 18:01:16] Current Path: C:/Users/r9000/project/project
[Info] [2024-6-5 18:01:16] PDS Dir Path: C:/Users/r9000/project/project
[Info] [2024-6-5 18:01:24] /***************************End Configration***************************/
[Info] [2024-6-5 18:01:28] /***************************Start Configuration***************************/
[Info] [2024-6-5 18:01:28] Path: D:/pds/PDS_2022.2-SP1-Lite/bin
[Info] [2024-6-5 18:01:28] Version: 132640
[Info] [2024-6-5 18:01:29] Current Path: C:/Users/r9000/project/project
[Info] [2024-6-5 18:01:29] PDS Dir Path: C:/Users/r9000/project/project
[Info] [2024-6-5 18:01:32] Configuration is not connect with server. connect first then scan chain.
[Debug] [2024-6-5 18:01:33] Client Local host name:???r9000p
[Debug] [2024-6-5 18:01:33] Client Local Address:192.168.43.168
[Debug] [2024-6-5 18:01:33] Server Address:127.0.0.1, Port:65420
[Info] [2024-6-5 18:01:35] Connect OK, Server: 127.0.0.1  Port: 65420
[Debug] [2024-6-5 18:01:35] Finish.
[Info] [2024-6-5 18:01:35] Connect server succeeded
[Debug] [2024-6-5 18:01:35] Send RPC:1
[Debug] [2024-6-5 18:01:35] Send cmd [check version information:40004] OK
[Debug] [2024-6-5 18:01:35] Send RPC:2
[Debug] [2024-6-5 18:01:35] Send cmd [get_cable_paras:40010] OK
[Debug] [2024-6-5 18:01:35] Begin to send initialize chain cmd...
[Debug] [2024-6-5 18:01:35] Send RPC:3
[Debug] [2024-6-5 18:01:35] Send cmd [Open config cable:20001] OK
[Debug] [2024-6-5 18:01:35] End to send initialize chain cmd.
[Debug] [2024-6-5 18:01:35] COMMAND[check version information] execute successfully, takes 0.6 secs.
[Debug] [2024-6-5 18:01:36] COMMAND[get_cable_paras] execute successfully, takes 1.2 secs.
[Debug] [2024-6-5 18:01:37] begin the exec of open cable cmd...
[Debug] [2024-6-5 18:01:37] Begin to deal with chain from server...
[Debug] [2024-6-5 18:01:37] Begin to set user chain...
[Debug] [2024-6-5 18:01:37] End to set user chain.
[Debug] [2024-6-5 18:01:37] Begin to update graphic item and tree item ...
[Debug] [2024-6-5 18:01:37] End to update graphic item and tree item ...
[Info] [2024-6-5 18:01:41] set OpenLastPath: C:/Users/r9000/project/project/generate_bitstream/jishuqi.sbit
[Debug] [2024-6-5 18:01:41] begin to get device info from CFG file...
[Debug] [2024-6-5 18:01:41] end to get device info from CFG file...
[Debug] [2024-6-5 18:01:41] Begin to update graphic item and tree item ...
[Debug] [2024-6-5 18:01:41] End to update graphic item and tree item ...
[Debug] [2024-6-5 18:01:41] Begin to update graphic item and tree item ...
[Debug] [2024-6-5 18:01:41] End to update graphic item and tree item ...
[Debug] [2024-6-5 18:01:41] End to deal wiht chain from server.
[Debug] [2024-6-5 18:01:41] end the exec of open cable cmd.
[Debug] [2024-6-5 18:01:41] COMMAND[Open config cable] execute successfully, takes 5.7 secs.
[Debug] [2024-6-5 18:01:44] Begin to send programming cmd...
[Debug] [2024-6-5 18:01:44] Send RPC:4
[Debug] [2024-6-5 18:01:44] Begin to send program data.
[Debug] [2024-6-5 18:01:44] End to send program data.
[Debug] [2024-6-5 18:01:44] Send cmd [Program:20002] OK
[Debug] [2024-6-5 18:01:45] The value of Progress is 6
[Debug] [2024-6-5 18:01:45] The value of Progress is 10
[Debug] [2024-6-5 18:01:45] The value of Progress is 15
[Debug] [2024-6-5 18:01:45] The value of Progress is 20
[Debug] [2024-6-5 18:01:45] The value of Progress is 25
[Debug] [2024-6-5 18:01:45] The value of Progress is 30
[Debug] [2024-6-5 18:01:45] The value of Progress is 35
[Debug] [2024-6-5 18:01:45] The value of Progress is 40
[Debug] [2024-6-5 18:01:45] The value of Progress is 45
[Debug] [2024-6-5 18:01:45] The value of Progress is 50
[Debug] [2024-6-5 18:01:45] The value of Progress is 55
[Debug] [2024-6-5 18:01:45] The value of Progress is 60
[Debug] [2024-6-5 18:01:45] The value of Progress is 65
[Debug] [2024-6-5 18:01:45] The value of Progress is 70
[Debug] [2024-6-5 18:01:45] The value of Progress is 75
[Debug] [2024-6-5 18:01:45] The value of Progress is 80
[Debug] [2024-6-5 18:01:45] The value of Progress is 85
[Debug] [2024-6-5 18:01:45] The value of Progress is 90
[Debug] [2024-6-5 18:01:45] The value of Progress is 95
[Debug] [2024-6-5 18:01:45] The value of Progress is 100
[Debug] [2024-6-5 18:01:45] COMMAND[Program] execute successfully, takes 1.0 secs.
[Debug] [2024-6-5 18:01:45] End to send programming cmd.
[Info] [2024-6-5 18:01:49] /***************************End Configration***************************/
[Info] [2024-6-5 18:06:11] /***************************Start Configuration***************************/
[Info] [2024-6-5 18:06:11] Path: D:/pds/PDS_2022.2-SP1-Lite/bin
[Info] [2024-6-5 18:06:11] Version: 132640
[Info] [2024-6-5 18:06:12] Current Path: C:/Users/r9000/project/project
[Info] [2024-6-5 18:06:12] PDS Dir Path: C:/Users/r9000/project/project
[Info] [2024-6-5 18:06:16] /***************************End Configration***************************/
[Info] [2024-6-5 18:06:21] /***************************Start Configuration***************************/
[Info] [2024-6-5 18:06:21] Path: D:/pds/PDS_2022.2-SP1-Lite/bin
[Info] [2024-6-5 18:06:21] Version: 132640
[Info] [2024-6-5 18:06:22] Current Path: C:/Users/r9000/project/project
[Info] [2024-6-5 18:06:22] PDS Dir Path: C:/Users/r9000/project/project
[Info] [2024-6-5 18:06:25] Configuration is not connect with server. connect first then scan chain.
[Debug] [2024-6-5 18:06:26] Client Local host name:???r9000p
[Debug] [2024-6-5 18:06:26] Client Local Address:192.168.43.168
[Debug] [2024-6-5 18:06:26] Server Address:127.0.0.1, Port:65420
[Info] [2024-6-5 18:06:28] Connect OK, Server: 127.0.0.1  Port: 65420
[Debug] [2024-6-5 18:06:28] Finish.
[Info] [2024-6-5 18:06:28] Connect server succeeded
[Debug] [2024-6-5 18:06:28] Send RPC:1
[Debug] [2024-6-5 18:06:28] Send cmd [check version information:40004] OK
[Debug] [2024-6-5 18:06:28] Send RPC:2
[Debug] [2024-6-5 18:06:28] Send cmd [get_cable_paras:40010] OK
[Debug] [2024-6-5 18:06:28] Begin to send initialize chain cmd...
[Debug] [2024-6-5 18:06:28] Send RPC:3
[Debug] [2024-6-5 18:06:28] Send cmd [Open config cable:20001] OK
[Debug] [2024-6-5 18:06:28] End to send initialize chain cmd.
[Debug] [2024-6-5 18:06:28] COMMAND[check version information] execute successfully, takes 0.5 secs.
[Debug] [2024-6-5 18:06:29] COMMAND[get_cable_paras] execute successfully, takes 1.1 secs.
[Debug] [2024-6-5 18:06:30] begin the exec of open cable cmd...
[Debug] [2024-6-5 18:06:30] Begin to deal with chain from server...
[Debug] [2024-6-5 18:06:30] Begin to set user chain...
[Debug] [2024-6-5 18:06:30] End to set user chain.
[Debug] [2024-6-5 18:06:30] Begin to update graphic item and tree item ...
[Debug] [2024-6-5 18:06:30] End to update graphic item and tree item ...
[Info] [2024-6-5 18:06:31] set OpenLastPath: C:/Users/r9000/project/project/generate_bitstream/jishuqi.sbit
[Debug] [2024-6-5 18:06:31] begin to get device info from CFG file...
[Debug] [2024-6-5 18:06:31] end to get device info from CFG file...
[Debug] [2024-6-5 18:06:31] Begin to update graphic item and tree item ...
[Debug] [2024-6-5 18:06:31] End to update graphic item and tree item ...
[Debug] [2024-6-5 18:06:31] Begin to update graphic item and tree item ...
[Debug] [2024-6-5 18:06:31] End to update graphic item and tree item ...
[Debug] [2024-6-5 18:06:31] End to deal wiht chain from server.
[Debug] [2024-6-5 18:06:31] end the exec of open cable cmd.
[Debug] [2024-6-5 18:06:31] COMMAND[Open config cable] execute successfully, takes 3.0 secs.
[Debug] [2024-6-5 18:06:37] Begin to send programming cmd...
[Debug] [2024-6-5 18:06:37] Send RPC:4
[Debug] [2024-6-5 18:06:37] Begin to send program data.
[Debug] [2024-6-5 18:06:37] End to send program data.
[Debug] [2024-6-5 18:06:37] Send cmd [Program:20002] OK
[Debug] [2024-6-5 18:06:37] The value of Progress is 6
[Debug] [2024-6-5 18:06:37] The value of Progress is 10
[Debug] [2024-6-5 18:06:37] The value of Progress is 15
[Debug] [2024-6-5 18:06:37] The value of Progress is 20
[Debug] [2024-6-5 18:06:37] The value of Progress is 25
[Debug] [2024-6-5 18:06:37] The value of Progress is 30
[Debug] [2024-6-5 18:06:37] The value of Progress is 35
[Debug] [2024-6-5 18:06:37] The value of Progress is 40
[Debug] [2024-6-5 18:06:37] The value of Progress is 45
[Debug] [2024-6-5 18:06:37] The value of Progress is 50
[Debug] [2024-6-5 18:06:37] The value of Progress is 55
[Debug] [2024-6-5 18:06:38] The value of Progress is 60
[Debug] [2024-6-5 18:06:38] The value of Progress is 65
[Debug] [2024-6-5 18:06:38] The value of Progress is 70
[Debug] [2024-6-5 18:06:38] The value of Progress is 75
[Debug] [2024-6-5 18:06:38] The value of Progress is 80
[Debug] [2024-6-5 18:06:38] The value of Progress is 85
[Debug] [2024-6-5 18:06:38] The value of Progress is 90
[Debug] [2024-6-5 18:06:38] The value of Progress is 95
[Debug] [2024-6-5 18:06:38] The value of Progress is 100
[Debug] [2024-6-5 18:06:38] COMMAND[Program] execute successfully, takes 0.9 secs.
[Debug] [2024-6-5 18:06:38] End to send programming cmd.
[Warn] [2024-6-5 19:02:04] the connection with server is timeout.
[Warn] [2024-6-5 19:02:04] No response from the server in 60 secs, please check the connection with server
[Warn] [2024-6-5 19:02:04] the connection with server is timeout.
[Info] [2024-6-5 19:21:31] /***************************End Configration***************************/
[Info] [2024-6-13 14:35:05] /***************************Start Configuration***************************/
[Info] [2024-6-13 14:35:05] Path: D:/pds/PDS_2022.2-SP1-Lite/bin
[Info] [2024-6-13 14:35:05] Version: 132640
[Info] [2024-6-13 14:35:06] Current Path: D:/pds/project/test4/1
[Info] [2024-6-13 14:35:06] PDS Dir Path: D:/pds/project/test4/1
[Info] [2024-6-13 14:35:12] Configuration is not connect with server. connect first then scan chain.
[Debug] [2024-6-13 14:35:12] Client Local host name:Alienware-M19
[Debug] [2024-6-13 14:35:12] Client Local Address:192.168.5.247
[Debug] [2024-6-13 14:35:12] Client Local Address:192.168.139.1
[Debug] [2024-6-13 14:35:12] Client Local Address:192.168.190.1
[Debug] [2024-6-13 14:35:12] Client Local Address:172.19.80.1
[Debug] [2024-6-13 14:35:12] Server Address:127.0.0.1, Port:65420
[Info] [2024-6-13 14:35:14] Connect OK, Server: 127.0.0.1  Port: 65420
[Debug] [2024-6-13 14:35:14] Finish.
[Info] [2024-6-13 14:35:14] Connect server succeeded
[Debug] [2024-6-13 14:35:14] Send RPC:1
[Debug] [2024-6-13 14:35:14] Send cmd [check version information:40004] OK
[Debug] [2024-6-13 14:35:14] Send RPC:2
[Debug] [2024-6-13 14:35:14] Send cmd [get_cable_paras:40010] OK
[Debug] [2024-6-13 14:35:14] Begin to send initialize chain cmd...
[Debug] [2024-6-13 14:35:14] Send RPC:3
[Debug] [2024-6-13 14:35:14] Send cmd [Open config cable:20001] OK
[Debug] [2024-6-13 14:35:14] End to send initialize chain cmd.
[Debug] [2024-6-13 14:35:14] COMMAND[check version information] execute successfully, takes 0.4 secs.
[Debug] [2024-6-13 14:35:16] COMMAND[get_cable_paras] execute successfully, takes 1.3 secs.
[Debug] [2024-6-13 14:35:16] begin the exec of open cable cmd...
[Debug] [2024-6-13 14:35:16] Begin to deal with chain from server...
[Debug] [2024-6-13 14:35:16] Begin to set user chain...
[Debug] [2024-6-13 14:35:16] End to set user chain.
[Debug] [2024-6-13 14:35:16] Begin to update graphic item and tree item ...
[Debug] [2024-6-13 14:35:16] End to update graphic item and tree item ...
[Info] [2024-6-13 14:35:19] set OpenLastPath: D:/pds/project/test4/1/generate_bitstream/jishuqi.sbit
[Debug] [2024-6-13 14:35:19] begin to get device info from CFG file...
[Debug] [2024-6-13 14:35:19] end to get device info from CFG file...
[Debug] [2024-6-13 14:35:19] Begin to update graphic item and tree item ...
[Debug] [2024-6-13 14:35:19] End to update graphic item and tree item ...
[Debug] [2024-6-13 14:35:19] Begin to update graphic item and tree item ...
[Debug] [2024-6-13 14:35:19] End to update graphic item and tree item ...
[Debug] [2024-6-13 14:35:19] End to deal wiht chain from server.
[Debug] [2024-6-13 14:35:19] end the exec of open cable cmd.
[Debug] [2024-6-13 14:35:19] COMMAND[Open config cable] execute successfully, takes 4.6 secs.
[Debug] [2024-6-13 14:35:21] Begin to send programming cmd...
[Debug] [2024-6-13 14:35:21] Send RPC:4
[Debug] [2024-6-13 14:35:21] Begin to send program data.
[Debug] [2024-6-13 14:35:21] End to send program data.
[Debug] [2024-6-13 14:35:21] Send cmd [Program:20002] OK
[Debug] [2024-6-13 14:35:21] The value of Progress is 6
[Debug] [2024-6-13 14:35:21] The value of Progress is 10
[Debug] [2024-6-13 14:35:21] The value of Progress is 15
[Debug] [2024-6-13 14:35:21] The value of Progress is 20
[Debug] [2024-6-13 14:35:21] The value of Progress is 25
[Debug] [2024-6-13 14:35:21] The value of Progress is 30
[Debug] [2024-6-13 14:35:21] The value of Progress is 35
[Debug] [2024-6-13 14:35:21] The value of Progress is 40
[Debug] [2024-6-13 14:35:21] The value of Progress is 45
[Debug] [2024-6-13 14:35:21] The value of Progress is 50
[Debug] [2024-6-13 14:35:21] The value of Progress is 55
[Debug] [2024-6-13 14:35:21] The value of Progress is 60
[Debug] [2024-6-13 14:35:21] The value of Progress is 65
[Debug] [2024-6-13 14:35:21] The value of Progress is 70
[Debug] [2024-6-13 14:35:22] The value of Progress is 75
[Debug] [2024-6-13 14:35:22] The value of Progress is 80
[Debug] [2024-6-13 14:35:22] The value of Progress is 85
[Debug] [2024-6-13 14:35:22] The value of Progress is 90
[Debug] [2024-6-13 14:35:22] The value of Progress is 95
[Debug] [2024-6-13 14:35:22] The value of Progress is 100
[Debug] [2024-6-13 14:35:22] COMMAND[Program] execute successfully, takes 0.9 secs.
[Debug] [2024-6-13 14:35:22] End to send programming cmd.
[Info] [2024-6-13 14:47:07] /***************************End Configration***************************/
