[Info] [2024-6-5 16:42:06] /***************************Start jtagserver***************************/
[Info] [2024-6-5 16:42:06] Path: D:/pds/PDS_2022.2-SP1-Lite/bin
[Info] [2024-6-5 16:42:06] Version: 132640
[Debug] [2024-6-5 16:42:07] Add a new user_thread, socket descriptor is 1156 user_thread id is 000000000000A238
[Debug] [2024-6-5 16:42:07] After adding, map size is : 1
[Debug] [2024-6-5 16:42:07] Add a new user_thread, socket descriptor is 1228 user_thread id is 000000000000A238
[Debug] [2024-6-5 16:42:07] After adding, map size is : 2
[Debug] [2024-6-5 16:42:07] IP address of connecting client is : ::ffff:127.0.0.1
[Debug] [2024-6-5 16:42:07] IP address of connecting client is : ::ffff:127.0.0.1IP address of connecting client is : ::ffff:127.0.0.1
[Debug] [2024-6-5 16:42:07] Remove the header data from the client, index : 0
[Debug] [2024-6-5 16:42:07] _total_bytes_size : 166
[Debug] [2024-6-5 16:42:07] Remove the header data from the client, index : 0
[Debug] [2024-6-5 16:42:07] _total_bytes_size : 96
[Debug] [2024-6-5 16:42:07] cmd id :40010cmd name : get_cable_paras
[Debug] [2024-6-5 16:42:08] cmd operation get_cable_paras releases locker
[Debug] [2024-6-5 16:42:08] Remove the header data from the client, index : 0
[Debug] [2024-6-5 16:42:08] _total_bytes_size : 101
[Debug] [2024-6-5 16:42:08] cmd id :20001cmd name : Open config cable
[Debug] [2024-6-5 16:42:08] the idcode from the scanning is: 0x20303899
[Debug] [2024-6-5 16:42:08] the idcode from the scanning is: 0x0
[Debug] [2024-6-5 16:42:08] the idcode from the scanning is: 0x0
[Debug] [2024-6-5 16:42:08] the idcode from the scanning is: 0x0
[Debug] [2024-6-5 16:42:08] the idcode from the scanning is: 0x0
[Debug] [2024-6-5 16:42:08] begin to read back config registerregAddr is 9
[Debug] [2024-6-5 16:42:08] cmd operation Open config cable releases locker
[Debug] [2024-6-5 16:42:13] Remove the header data from the client, index : 0
[Debug] [2024-6-5 16:42:13] _total_bytes_size : 22a
[Debug] [2024-6-5 16:42:13] cmd id :4e22cmd name : Program
[Debug] [2024-6-5 16:42:14] the idcode from the scanning is: 0x20303899
[Debug] [2024-6-5 16:42:14] the idcode from the scanning is: 0x0
[Debug] [2024-6-5 16:42:14] the idcode from the scanning is: 0x0
[Debug] [2024-6-5 16:42:14] the idcode from the scanning is: 0x0
[Debug] [2024-6-5 16:42:14] the idcode from the scanning is: 0x0
[Debug] [2024-6-5 16:42:14] begin to read back config registerregAddr is 4
[Debug] [2024-6-5 16:42:14] progress bar is 6
[Debug] [2024-6-5 16:42:14] progress bar is 10
[Debug] [2024-6-5 16:42:14] progress bar is 15
[Debug] [2024-6-5 16:42:14] progress bar is 20
[Debug] [2024-6-5 16:42:14] progress bar is 25
[Debug] [2024-6-5 16:42:14] progress bar is 30
[Debug] [2024-6-5 16:42:14] progress bar is 35
[Debug] [2024-6-5 16:42:14] progress bar is 40
[Debug] [2024-6-5 16:42:14] progress bar is 45
[Debug] [2024-6-5 16:42:14] progress bar is 50
[Debug] [2024-6-5 16:42:14] progress bar is 55
[Debug] [2024-6-5 16:42:14] progress bar is 60
[Debug] [2024-6-5 16:42:14] progress bar is 65
[Debug] [2024-6-5 16:42:14] progress bar is 70
[Debug] [2024-6-5 16:42:14] progress bar is 75
[Debug] [2024-6-5 16:42:14] progress bar is 80
[Debug] [2024-6-5 16:42:14] progress bar is 85
[Debug] [2024-6-5 16:42:14] progress bar is 90
[Debug] [2024-6-5 16:42:14] progress bar is 95
[Debug] [2024-6-5 16:42:14] progress bar is 100
[Debug] [2024-6-5 16:42:14] begin to read back config registerregAddr is 9
[Debug] [2024-6-5 16:42:14] the value in the status register is :4193440
[Debug] [2024-6-5 16:42:14] begin to read back config registerregAddr is 9
[Debug] [2024-6-5 16:42:14] cmd operation Program releases locker
[Info] [2024-6-5 16:44:31] /***************************Start jtagserver***************************/
[Info] [2024-6-5 16:44:31] Path: D:/pds/PDS_2022.2-SP1-Lite/bin
[Info] [2024-6-5 16:44:31] Version: 132640
[Debug] [2024-6-5 16:44:32] Add a new user_thread, socket descriptor is 1096 user_thread id is 0000000000010ACC
[Debug] [2024-6-5 16:44:32] After adding, map size is : 1
[Debug] [2024-6-5 16:44:32] Add a new user_thread, socket descriptor is 1248 user_thread id is 0000000000010ACC
[Debug] [2024-6-5 16:44:32] After adding, map size is : 2
[Debug] [2024-6-5 16:44:32] IP address of connecting client is : ::ffff:127.0.0.1
[Debug] [2024-6-5 16:44:32] IP address of connecting client is : ::ffff:127.0.0.1IP address of connecting client is : ::ffff:127.0.0.1
[Debug] [2024-6-5 16:44:32] Remove the header data from the client, index : 0
[Debug] [2024-6-5 16:44:32] _total_bytes_size : 166
[Debug] [2024-6-5 16:44:32] Remove the header data from the client, index : 0
[Debug] [2024-6-5 16:44:32] _total_bytes_size : 96
[Debug] [2024-6-5 16:44:32] cmd id :40010cmd name : get_cable_paras
[Debug] [2024-6-5 16:44:33] cmd operation get_cable_paras releases locker
[Debug] [2024-6-5 16:44:33] Remove the header data from the client, index : 0
[Debug] [2024-6-5 16:44:33] _total_bytes_size : 101
[Debug] [2024-6-5 16:44:33] cmd id :20001cmd name : Open config cable
[Debug] [2024-6-5 16:44:33] the idcode from the scanning is: 0x20303899
[Debug] [2024-6-5 16:44:33] the idcode from the scanning is: 0x0
[Debug] [2024-6-5 16:44:33] the idcode from the scanning is: 0x0
[Debug] [2024-6-5 16:44:33] the idcode from the scanning is: 0x0
[Debug] [2024-6-5 16:44:33] the idcode from the scanning is: 0x0
[Debug] [2024-6-5 16:44:33] begin to read back config registerregAddr is 9
[Debug] [2024-6-5 16:44:33] cmd operation Open config cable releases locker
[Debug] [2024-6-5 16:44:37] Remove the header data from the client, index : 0
[Debug] [2024-6-5 16:44:37] _total_bytes_size : 22a
[Debug] [2024-6-5 16:44:37] cmd id :4e22cmd name : Program
[Debug] [2024-6-5 16:44:37] the idcode from the scanning is: 0x20303899
[Debug] [2024-6-5 16:44:37] the idcode from the scanning is: 0x0
[Debug] [2024-6-5 16:44:37] the idcode from the scanning is: 0x0
[Debug] [2024-6-5 16:44:37] the idcode from the scanning is: 0x0
[Debug] [2024-6-5 16:44:37] the idcode from the scanning is: 0x0
[Debug] [2024-6-5 16:44:37] begin to read back config registerregAddr is 4
[Debug] [2024-6-5 16:44:37] progress bar is 6
[Debug] [2024-6-5 16:44:37] progress bar is 10
[Debug] [2024-6-5 16:44:37] progress bar is 15
[Debug] [2024-6-5 16:44:37] progress bar is 20
[Debug] [2024-6-5 16:44:37] progress bar is 25
[Debug] [2024-6-5 16:44:37] progress bar is 30
[Debug] [2024-6-5 16:44:37] progress bar is 35
[Debug] [2024-6-5 16:44:37] progress bar is 40
[Debug] [2024-6-5 16:44:37] progress bar is 45
[Debug] [2024-6-5 16:44:37] progress bar is 50
[Debug] [2024-6-5 16:44:37] progress bar is 55
[Debug] [2024-6-5 16:44:37] progress bar is 60
[Debug] [2024-6-5 16:44:37] progress bar is 65
[Debug] [2024-6-5 16:44:37] progress bar is 70
[Debug] [2024-6-5 16:44:37] progress bar is 75
[Debug] [2024-6-5 16:44:37] progress bar is 80
[Debug] [2024-6-5 16:44:37] progress bar is 85
[Debug] [2024-6-5 16:44:37] progress bar is 90
[Debug] [2024-6-5 16:44:37] progress bar is 95
[Debug] [2024-6-5 16:44:37] progress bar is 100
[Debug] [2024-6-5 16:44:37] begin to read back config registerregAddr is 9
[Debug] [2024-6-5 16:44:37] the value in the status register is :4193440
[Debug] [2024-6-5 16:44:37] begin to read back config registerregAddr is 9
[Debug] [2024-6-5 16:44:38] cmd operation Program releases locker
[Debug] [2024-6-5 17:00:01] Remove the header data from the client, index : 0
[Debug] [2024-6-5 17:00:01] _total_bytes_size : 101
[Debug] [2024-6-5 17:00:01] cmd id :20001cmd name : Open config cable
[Debug] [2024-6-5 17:00:02] the idcode from the scanning is: 0x20303899
[Debug] [2024-6-5 17:00:02] the idcode from the scanning is: 0x0
[Debug] [2024-6-5 17:00:02] the idcode from the scanning is: 0x0
[Debug] [2024-6-5 17:00:02] the idcode from the scanning is: 0x0
[Debug] [2024-6-5 17:00:02] the idcode from the scanning is: 0x0
[Debug] [2024-6-5 17:00:02] begin to read back config registerregAddr is 9
[Debug] [2024-6-5 17:00:02] cmd operation Open config cable releases locker
[Debug] [2024-6-5 17:00:07] Remove the header data from the client, index : 0
[Debug] [2024-6-5 17:00:07] _total_bytes_size : 22a
[Debug] [2024-6-5 17:00:07] cmd id :4e22cmd name : Program
[Debug] [2024-6-5 17:00:07] the idcode from the scanning is: 0x20303899
[Debug] [2024-6-5 17:00:07] the idcode from the scanning is: 0x0
[Debug] [2024-6-5 17:00:07] the idcode from the scanning is: 0x0
[Debug] [2024-6-5 17:00:07] the idcode from the scanning is: 0x0
[Debug] [2024-6-5 17:00:07] the idcode from the scanning is: 0x0
[Debug] [2024-6-5 17:00:07] begin to read back config registerregAddr is 4
[Debug] [2024-6-5 17:00:07] progress bar is 6
[Debug] [2024-6-5 17:00:07] progress bar is 10
[Debug] [2024-6-5 17:00:07] progress bar is 15
[Debug] [2024-6-5 17:00:08] progress bar is 20
[Debug] [2024-6-5 17:00:08] progress bar is 25
[Debug] [2024-6-5 17:00:08] progress bar is 30
[Debug] [2024-6-5 17:00:08] progress bar is 35
[Debug] [2024-6-5 17:00:08] progress bar is 40
[Debug] [2024-6-5 17:00:08] progress bar is 45
[Debug] [2024-6-5 17:00:08] progress bar is 50
[Debug] [2024-6-5 17:00:08] progress bar is 55
[Debug] [2024-6-5 17:00:08] progress bar is 60
[Debug] [2024-6-5 17:00:08] progress bar is 65
[Debug] [2024-6-5 17:00:08] progress bar is 70
[Debug] [2024-6-5 17:00:08] progress bar is 75
[Debug] [2024-6-5 17:00:08] progress bar is 80
[Debug] [2024-6-5 17:00:08] progress bar is 85
[Debug] [2024-6-5 17:00:08] progress bar is 90
[Debug] [2024-6-5 17:00:08] progress bar is 95
[Debug] [2024-6-5 17:00:08] progress bar is 100
[Debug] [2024-6-5 17:00:08] begin to read back config registerregAddr is 9
[Debug] [2024-6-5 17:00:08] the value in the status register is :4193440
[Debug] [2024-6-5 17:00:08] begin to read back config registerregAddr is 9
[Debug] [2024-6-5 17:00:08] cmd operation Program releases locker
[Info] [2024-6-5 17:41:41] /***************************Start jtagserver***************************/
[Info] [2024-6-5 17:41:41] Path: D:/pds/PDS_2022.2-SP1-Lite/bin
[Info] [2024-6-5 17:41:41] Version: 132640
[Debug] [2024-6-5 17:41:42] Add a new user_thread, socket descriptor is 1004 user_thread id is 0000000000010128
[Debug] [2024-6-5 17:41:42] After adding, map size is : 1
[Debug] [2024-6-5 17:41:42] Add a new user_thread, socket descriptor is 1168 user_thread id is 0000000000010128
[Debug] [2024-6-5 17:41:42] After adding, map size is : 2
[Debug] [2024-6-5 17:41:42] IP address of connecting client is : ::ffff:127.0.0.1
[Debug] [2024-6-5 17:41:42] ::ffff:127.0.0.1
[Debug] [2024-6-5 17:41:42] Remove the header data from the client, index : 0
[Debug] [2024-6-5 17:41:42] _total_bytes_size : 166
[Debug] [2024-6-5 17:41:42] Remove the header data from the client, index : 0
[Debug] [2024-6-5 17:41:42] _total_bytes_size : 96
[Debug] [2024-6-5 17:41:42] cmd id :40010cmd name : get_cable_paras
[Debug] [2024-6-5 17:41:43] cmd operation get_cable_paras releases locker
[Debug] [2024-6-5 17:41:43] Remove the header data from the client, index : 0
[Debug] [2024-6-5 17:41:43] _total_bytes_size : 101
[Debug] [2024-6-5 17:41:43] cmd id :20001cmd name : Open config cable
[Debug] [2024-6-5 17:41:44] the idcode from the scanning is: 0x20303899
[Debug] [2024-6-5 17:41:44] the idcode from the scanning is: 0x0
[Debug] [2024-6-5 17:41:44] the idcode from the scanning is: 0x0
[Debug] [2024-6-5 17:41:44] the idcode from the scanning is: 0x0
[Debug] [2024-6-5 17:41:44] the idcode from the scanning is: 0x0
[Debug] [2024-6-5 17:41:44] begin to read back config registerregAddr is 9
[Debug] [2024-6-5 17:41:44] cmd operation Open config cable releases locker
[Debug] [2024-6-5 17:41:48] Remove the header data from the client, index : 0
[Debug] [2024-6-5 17:41:48] _total_bytes_size : 22a
[Debug] [2024-6-5 17:41:48] cmd id :4e22cmd name : Program
[Debug] [2024-6-5 17:41:49] the idcode from the scanning is: 0x20303899
[Debug] [2024-6-5 17:41:49] the idcode from the scanning is: 0x0
[Debug] [2024-6-5 17:41:49] the idcode from the scanning is: 0x0
[Debug] [2024-6-5 17:41:49] the idcode from the scanning is: 0x0
[Debug] [2024-6-5 17:41:49] the idcode from the scanning is: 0x0
[Debug] [2024-6-5 17:41:49] begin to read back config registerregAddr is 4
[Debug] [2024-6-5 17:41:49] progress bar is 6
[Debug] [2024-6-5 17:41:49] progress bar is 10
[Debug] [2024-6-5 17:41:49] progress bar is 15
[Debug] [2024-6-5 17:41:49] progress bar is 20
[Debug] [2024-6-5 17:41:49] progress bar is 25
[Debug] [2024-6-5 17:41:49] progress bar is 30
[Debug] [2024-6-5 17:41:49] progress bar is 35
[Debug] [2024-6-5 17:41:49] progress bar is 40
[Debug] [2024-6-5 17:41:49] progress bar is 45
[Debug] [2024-6-5 17:41:49] progress bar is 50
[Debug] [2024-6-5 17:41:49] progress bar is 55
[Debug] [2024-6-5 17:41:49] progress bar is 60
[Debug] [2024-6-5 17:41:49] progress bar is 65
[Debug] [2024-6-5 17:41:49] progress bar is 70
[Debug] [2024-6-5 17:41:49] progress bar is 75
[Debug] [2024-6-5 17:41:49] progress bar is 80
[Debug] [2024-6-5 17:41:49] progress bar is 85
[Debug] [2024-6-5 17:41:49] progress bar is 90
[Debug] [2024-6-5 17:41:49] progress bar is 95
[Debug] [2024-6-5 17:41:49] progress bar is 100
[Debug] [2024-6-5 17:41:49] begin to read back config registerregAddr is 9
[Debug] [2024-6-5 17:41:49] the value in the status register is :4193440
[Debug] [2024-6-5 17:41:49] begin to read back config registerregAddr is 9
[Debug] [2024-6-5 17:41:49] cmd operation Program releases locker
[Info] [2024-6-5 17:47:54] /***************************Start jtagserver***************************/
[Info] [2024-6-5 17:47:54] Path: D:/pds/PDS_2022.2-SP1-Lite/bin
[Info] [2024-6-5 17:47:54] Version: 132640
[Debug] [2024-6-5 17:47:55] Add a new user_thread, socket descriptor is 1072 user_thread id is 000000000000E688
[Debug] [2024-6-5 17:47:55] After adding, map size is : 1
[Debug] [2024-6-5 17:47:55] Add a new user_thread, socket descriptor is 1068 user_thread id is 000000000000E688
[Debug] [2024-6-5 17:47:55] After adding, map size is : 2
[Debug] [2024-6-5 17:47:55] IP address of connecting client is : ::ffff:127.0.0.1
[Debug] [2024-6-5 17:47:55] IP address of connecting client is : ::ffff:127.0.0.1IP address of connecting client is : ::ffff:127.0.0.1
[Debug] [2024-6-5 17:47:55] Remove the header data from the client, index : 0
[Debug] [2024-6-5 17:47:55] _total_bytes_size : 166
[Debug] [2024-6-5 17:47:55] Remove the header data from the client, index : 0
[Debug] [2024-6-5 17:47:55] _total_bytes_size : 96
[Debug] [2024-6-5 17:47:55] cmd id :40010cmd name : get_cable_paras
[Debug] [2024-6-5 17:47:57] cmd operation get_cable_paras releases locker
[Debug] [2024-6-5 17:47:57] Remove the header data from the client, index : 0
[Debug] [2024-6-5 17:47:57] _total_bytes_size : 101
[Debug] [2024-6-5 17:47:57] cmd id :20001cmd name : Open config cable
[Debug] [2024-6-5 17:47:57] the idcode from the scanning is: 0x20303899
[Debug] [2024-6-5 17:47:57] the idcode from the scanning is: 0x0
[Debug] [2024-6-5 17:47:57] the idcode from the scanning is: 0x0
[Debug] [2024-6-5 17:47:57] the idcode from the scanning is: 0x0
[Debug] [2024-6-5 17:47:57] the idcode from the scanning is: 0x0
[Debug] [2024-6-5 17:47:57] begin to read back config registerregAddr is 9
[Debug] [2024-6-5 17:47:57] cmd operation Open config cable releases locker
[Debug] [2024-6-5 17:48:04] Remove the header data from the client, index : 0
[Debug] [2024-6-5 17:48:04] _total_bytes_size : 22a
[Debug] [2024-6-5 17:48:04] cmd id :4e22cmd name : Program
[Debug] [2024-6-5 17:48:04] the idcode from the scanning is: 0x20303899
[Debug] [2024-6-5 17:48:04] the idcode from the scanning is: 0x0
[Debug] [2024-6-5 17:48:04] the idcode from the scanning is: 0x0
[Debug] [2024-6-5 17:48:04] the idcode from the scanning is: 0x0
[Debug] [2024-6-5 17:48:04] the idcode from the scanning is: 0x0
[Debug] [2024-6-5 17:48:04] begin to read back config registerregAddr is 4
[Debug] [2024-6-5 17:48:04] progress bar is 6
[Debug] [2024-6-5 17:48:04] progress bar is 10
[Debug] [2024-6-5 17:48:04] progress bar is 15
[Debug] [2024-6-5 17:48:04] progress bar is 20
[Debug] [2024-6-5 17:48:04] progress bar is 25
[Debug] [2024-6-5 17:48:05] progress bar is 30
[Debug] [2024-6-5 17:48:05] progress bar is 35
[Debug] [2024-6-5 17:48:05] progress bar is 40
[Debug] [2024-6-5 17:48:05] progress bar is 45
[Debug] [2024-6-5 17:48:05] progress bar is 50
[Debug] [2024-6-5 17:48:05] progress bar is 55
[Debug] [2024-6-5 17:48:05] progress bar is 60
[Debug] [2024-6-5 17:48:05] progress bar is 65
[Debug] [2024-6-5 17:48:05] progress bar is 70
[Debug] [2024-6-5 17:48:05] progress bar is 75
[Debug] [2024-6-5 17:48:05] progress bar is 80
[Debug] [2024-6-5 17:48:05] progress bar is 85
[Debug] [2024-6-5 17:48:05] progress bar is 90
[Debug] [2024-6-5 17:48:05] progress bar is 95
[Debug] [2024-6-5 17:48:05] progress bar is 100
[Debug] [2024-6-5 17:48:05] begin to read back config registerregAddr is 9
[Debug] [2024-6-5 17:48:05] the value in the status register is :4193440
[Debug] [2024-6-5 17:48:05] begin to read back config registerregAddr is 9
[Debug] [2024-6-5 17:48:05] cmd operation Program releases locker
[Info] [2024-6-5 17:56:51] /***************************Start jtagserver***************************/
[Info] [2024-6-5 17:56:51] Path: D:/pds/PDS_2022.2-SP1-Lite/bin
[Info] [2024-6-5 17:56:51] Version: 132640
[Debug] [2024-6-5 17:56:52] Add a new user_thread, socket descriptor is 1336 user_thread id is 0000000000010E4C
[Debug] [2024-6-5 17:56:52] After adding, map size is : 1
[Debug] [2024-6-5 17:56:52] Add a new user_thread, socket descriptor is 1300 user_thread id is 0000000000010E4C
[Debug] [2024-6-5 17:56:52] After adding, map size is : 2
[Debug] [2024-6-5 17:56:52] IP address of connecting client is : ::ffff:127.0.0.1
[Debug] [2024-6-5 17:56:52] IP address of connecting client is : ::ffff:127.0.0.1
[Debug] [2024-6-5 17:56:52] Remove the header data from the client, index : 0
[Debug] [2024-6-5 17:56:52] _total_bytes_size : 166
[Debug] [2024-6-5 17:56:52] Remove the header data from the client, index : 0
[Debug] [2024-6-5 17:56:52] _total_bytes_size : 96
[Debug] [2024-6-5 17:56:52] cmd id :40010cmd name : get_cable_paras
[Debug] [2024-6-5 17:56:54] cmd operation get_cable_paras releases locker
[Debug] [2024-6-5 17:56:54] Remove the header data from the client, index : 0
[Debug] [2024-6-5 17:56:54] _total_bytes_size : 101
[Debug] [2024-6-5 17:56:54] cmd id :20001cmd name : Open config cable
[Error] [2024-6-5 17:56:54] Hardware handler is invalid
[Debug] [2024-6-5 17:56:54] cmd operation Open config cable releases locker
[Debug] [2024-6-5 17:57:00] Remove the header data from the client, index : 0
[Debug] [2024-6-5 17:57:00] _total_bytes_size : 101
[Debug] [2024-6-5 17:57:00] cmd id :20001cmd name : Open config cable
[Error] [2024-6-5 17:57:00] Hardware handler is invalid
[Debug] [2024-6-5 17:57:00] cmd operation Open config cable releases locker
[Info] [2024-6-5 17:59:18] /***************************Start jtagserver***************************/
[Info] [2024-6-5 17:59:18] Path: D:/pds/PDS_2022.2-SP1-Lite/bin
[Info] [2024-6-5 17:59:18] Version: 132640
[Debug] [2024-6-5 17:59:20] Add a new user_thread, socket descriptor is 1304 user_thread id is 000000000000BC9C
[Debug] [2024-6-5 17:59:20] After adding, map size is : 1
[Debug] [2024-6-5 17:59:20] Add a new user_thread, socket descriptor is 1312 user_thread id is 000000000000BC9C
[Debug] [2024-6-5 17:59:20] After adding, map size is : 2
[Debug] [2024-6-5 17:59:20] IP address of connecting client is : ::ffff:127.0.0.1
[Debug] [2024-6-5 17:59:20] IP address of connecting client is : ::ffff:127.0.0.1IP address of connecting client is : ::ffff:127.0.0.1
[Debug] [2024-6-5 17:59:20] Remove the header data from the client, index : 0
[Debug] [2024-6-5 17:59:20] _total_bytes_size : 166
[Debug] [2024-6-5 17:59:20] Remove the header data from the client, index : 0
[Debug] [2024-6-5 17:59:20] _total_bytes_size : 96
[Debug] [2024-6-5 17:59:20] cmd id :40010cmd name : get_cable_paras
[Debug] [2024-6-5 17:59:21] cmd operation get_cable_paras releases locker
[Debug] [2024-6-5 17:59:21] Remove the header data from the client, index : 0
[Debug] [2024-6-5 17:59:21] _total_bytes_size : 101
[Debug] [2024-6-5 17:59:21] cmd id :20001cmd name : Open config cable
[Error] [2024-6-5 17:59:21] Hardware handler is invalid
[Debug] [2024-6-5 17:59:21] cmd operation Open config cable releases locker
[Debug] [2024-6-5 17:59:53] Remove the header data from the client, index : 0
[Debug] [2024-6-5 17:59:53] _total_bytes_size : 114
[Debug] [2024-6-5 17:59:53] cmd id :20100cmd name : Scan SPI Device On Board
[Error] [2024-6-5 17:59:53] Hardware handler is invalid
[Debug] [2024-6-5 17:59:53] cmd operation Scan SPI Device On Board releases locker
[Info] [2024-6-5 18:00:22] /***************************Start jtagserver***************************/
[Info] [2024-6-5 18:00:22] Path: D:/pds/PDS_2022.2-SP1-Lite/bin
[Info] [2024-6-5 18:00:22] Version: 132640
[Debug] [2024-6-5 18:00:23] Add a new user_thread, socket descriptor is 1284 user_thread id is 000000000000D614
[Debug] [2024-6-5 18:00:23] After adding, map size is : 1
[Debug] [2024-6-5 18:00:23] Add a new user_thread, socket descriptor is 1064 user_thread id is 000000000000D614
[Debug] [2024-6-5 18:00:23] After adding, map size is : 2
[Debug] [2024-6-5 18:00:23] IP address of connecting client is : ::ffff:127.0.0.1
[Debug] [2024-6-5 18:00:23] 
[Debug] [2024-6-5 18:00:23] Remove the header data from the client, index : 0
[Debug] [2024-6-5 18:00:23] _total_bytes_size : 166
[Debug] [2024-6-5 18:00:23] Remove the header data from the client, index : 0
[Debug] [2024-6-5 18:00:23] _total_bytes_size : 96
[Debug] [2024-6-5 18:00:23] cmd id :40010cmd name : get_cable_paras
[Debug] [2024-6-5 18:00:25] cmd operation get_cable_paras releases locker
[Debug] [2024-6-5 18:00:25] Remove the header data from the client, index : 0
[Debug] [2024-6-5 18:00:25] _total_bytes_size : 101
[Debug] [2024-6-5 18:00:25] cmd id :20001cmd name : Open config cable
[Error] [2024-6-5 18:00:25] Hardware handler is invalid
[Debug] [2024-6-5 18:00:25] cmd operation Open config cable releases locker
[Info] [2024-6-5 18:01:34] /***************************Start jtagserver***************************/
[Info] [2024-6-5 18:01:34] Path: D:/pds/PDS_2022.2-SP1-Lite/bin
[Info] [2024-6-5 18:01:34] Version: 132640
[Debug] [2024-6-5 18:01:35] Add a new user_thread, socket descriptor is 1164 user_thread id is 000000000000456C
[Debug] [2024-6-5 18:01:35] After adding, map size is : 1
[Debug] [2024-6-5 18:01:35] Add a new user_thread, socket descriptor is 1264 user_thread id is 000000000000456C
[Debug] [2024-6-5 18:01:35] After adding, map size is : 2
[Debug] [2024-6-5 18:01:35] IP address of connecting client is : ::ffff:127.0.0.1
[Debug] [2024-6-5 18:01:35] IP address of connecting client is : ::ffff:127.0.0.1IP address of connecting client is : ::ffff:127.0.0.1
[Debug] [2024-6-5 18:01:35] Remove the header data from the client, index : 0
[Debug] [2024-6-5 18:01:35] _total_bytes_size : 166
[Debug] [2024-6-5 18:01:35] Remove the header data from the client, index : 0
[Debug] [2024-6-5 18:01:35] _total_bytes_size : 96
[Debug] [2024-6-5 18:01:35] cmd id :40010cmd name : get_cable_paras
[Debug] [2024-6-5 18:01:36] cmd operation get_cable_paras releases locker
[Debug] [2024-6-5 18:01:36] Remove the header data from the client, index : 0
[Debug] [2024-6-5 18:01:36] _total_bytes_size : 101
[Debug] [2024-6-5 18:01:36] cmd id :20001cmd name : Open config cable
[Debug] [2024-6-5 18:01:37] the idcode from the scanning is: 0x20303899
[Debug] [2024-6-5 18:01:37] the idcode from the scanning is: 0x0
[Debug] [2024-6-5 18:01:37] the idcode from the scanning is: 0x0
[Debug] [2024-6-5 18:01:37] the idcode from the scanning is: 0x0
[Debug] [2024-6-5 18:01:37] the idcode from the scanning is: 0x0
[Debug] [2024-6-5 18:01:37] begin to read back config registerregAddr is 9
[Debug] [2024-6-5 18:01:37] cmd operation Open config cable releases locker
[Debug] [2024-6-5 18:01:44] Remove the header data from the client, index : 0
[Debug] [2024-6-5 18:01:44] _total_bytes_size : 22a
[Debug] [2024-6-5 18:01:44] cmd id :4e22cmd name : Program
[Debug] [2024-6-5 18:01:45] the idcode from the scanning is: 0x20303899
[Debug] [2024-6-5 18:01:45] the idcode from the scanning is: 0x0
[Debug] [2024-6-5 18:01:45] the idcode from the scanning is: 0x0
[Debug] [2024-6-5 18:01:45] the idcode from the scanning is: 0x0
[Debug] [2024-6-5 18:01:45] the idcode from the scanning is: 0x0
[Debug] [2024-6-5 18:01:45] begin to read back config registerregAddr is 4
[Debug] [2024-6-5 18:01:45] progress bar is 6
[Debug] [2024-6-5 18:01:45] progress bar is 10
[Debug] [2024-6-5 18:01:45] progress bar is 15
[Debug] [2024-6-5 18:01:45] progress bar is 20
[Debug] [2024-6-5 18:01:45] progress bar is 25
[Debug] [2024-6-5 18:01:45] progress bar is 30
[Debug] [2024-6-5 18:01:45] progress bar is 35
[Debug] [2024-6-5 18:01:45] progress bar is 40
[Debug] [2024-6-5 18:01:45] progress bar is 45
[Debug] [2024-6-5 18:01:45] progress bar is 50
[Debug] [2024-6-5 18:01:45] progress bar is 55
[Debug] [2024-6-5 18:01:45] progress bar is 60
[Debug] [2024-6-5 18:01:45] progress bar is 65
[Debug] [2024-6-5 18:01:45] progress bar is 70
[Debug] [2024-6-5 18:01:45] progress bar is 75
[Debug] [2024-6-5 18:01:45] progress bar is 80
[Debug] [2024-6-5 18:01:45] progress bar is 85
[Debug] [2024-6-5 18:01:45] progress bar is 90
[Debug] [2024-6-5 18:01:45] progress bar is 95
[Debug] [2024-6-5 18:01:45] progress bar is 100
[Debug] [2024-6-5 18:01:45] begin to read back config registerregAddr is 9
[Debug] [2024-6-5 18:01:45] the value in the status register is :4193440
[Debug] [2024-6-5 18:01:45] begin to read back config registerregAddr is 9
[Debug] [2024-6-5 18:01:45] cmd operation Program releases locker
[Info] [2024-6-5 18:06:27] /***************************Start jtagserver***************************/
[Info] [2024-6-5 18:06:27] Path: D:/pds/PDS_2022.2-SP1-Lite/bin
[Info] [2024-6-5 18:06:27] Version: 132640
[Debug] [2024-6-5 18:06:28] Add a new user_thread, socket descriptor is 1272 user_thread id is 0000000000010E58
[Debug] [2024-6-5 18:06:28] After adding, map size is : 1
[Debug] [2024-6-5 18:06:28] Add a new user_thread, socket descriptor is 1068 user_thread id is 0000000000010E58
[Debug] [2024-6-5 18:06:28] After adding, map size is : 2
[Debug] [2024-6-5 18:06:28] IP address of connecting client is : ::ffff:127.0.0.1
[Debug] [2024-6-5 18:06:28] 
[Debug] [2024-6-5 18:06:28] Remove the header data from the client, index : 0
[Debug] [2024-6-5 18:06:28] _total_bytes_size : 166
[Debug] [2024-6-5 18:06:28] Remove the header data from the client, index : 0
[Debug] [2024-6-5 18:06:28] _total_bytes_size : 96
[Debug] [2024-6-5 18:06:28] cmd id :40010cmd name : get_cable_paras
[Debug] [2024-6-5 18:06:29] cmd operation get_cable_paras releases locker
[Debug] [2024-6-5 18:06:29] Remove the header data from the client, index : 0
[Debug] [2024-6-5 18:06:29] _total_bytes_size : 101
[Debug] [2024-6-5 18:06:29] cmd id :20001cmd name : Open config cable
[Debug] [2024-6-5 18:06:29] the idcode from the scanning is: 0x20303899
[Debug] [2024-6-5 18:06:29] the idcode from the scanning is: 0x0
[Debug] [2024-6-5 18:06:29] the idcode from the scanning is: 0x0
[Debug] [2024-6-5 18:06:29] the idcode from the scanning is: 0x0
[Debug] [2024-6-5 18:06:29] the idcode from the scanning is: 0x0
[Debug] [2024-6-5 18:06:29] begin to read back config registerregAddr is 9
[Debug] [2024-6-5 18:06:30] cmd operation Open config cable releases locker
[Debug] [2024-6-5 18:06:37] Remove the header data from the client, index : 0
[Debug] [2024-6-5 18:06:37] _total_bytes_size : 22a
[Debug] [2024-6-5 18:06:37] cmd id :4e22cmd name : Program
[Debug] [2024-6-5 18:06:37] the idcode from the scanning is: 0x20303899
[Debug] [2024-6-5 18:06:37] the idcode from the scanning is: 0x0
[Debug] [2024-6-5 18:06:37] the idcode from the scanning is: 0x0
[Debug] [2024-6-5 18:06:37] the idcode from the scanning is: 0x0
[Debug] [2024-6-5 18:06:37] the idcode from the scanning is: 0x0
[Debug] [2024-6-5 18:06:37] begin to read back config registerregAddr is 4
[Debug] [2024-6-5 18:06:37] progress bar is 6
[Debug] [2024-6-5 18:06:37] progress bar is 10
[Debug] [2024-6-5 18:06:37] progress bar is 15
[Debug] [2024-6-5 18:06:37] progress bar is 20
[Debug] [2024-6-5 18:06:37] progress bar is 25
[Debug] [2024-6-5 18:06:37] progress bar is 30
[Debug] [2024-6-5 18:06:37] progress bar is 35
[Debug] [2024-6-5 18:06:37] progress bar is 40
[Debug] [2024-6-5 18:06:37] progress bar is 45
[Debug] [2024-6-5 18:06:37] progress bar is 50
[Debug] [2024-6-5 18:06:37] progress bar is 55
[Debug] [2024-6-5 18:06:38] progress bar is 60
[Debug] [2024-6-5 18:06:38] progress bar is 65
[Debug] [2024-6-5 18:06:38] progress bar is 70
[Debug] [2024-6-5 18:06:38] progress bar is 75
[Debug] [2024-6-5 18:06:38] progress bar is 80
[Debug] [2024-6-5 18:06:38] progress bar is 85
[Debug] [2024-6-5 18:06:38] progress bar is 90
[Debug] [2024-6-5 18:06:38] progress bar is 95
[Debug] [2024-6-5 18:06:38] progress bar is 100
[Debug] [2024-6-5 18:06:38] begin to read back config registerregAddr is 9
[Debug] [2024-6-5 18:06:38] the value in the status register is :4193440
[Debug] [2024-6-5 18:06:38] begin to read back config registerregAddr is 9
[Debug] [2024-6-5 18:06:38] cmd operation Program releases locker
[Info] [2024-6-13 14:35:14] /***************************Start jtagserver***************************/
[Info] [2024-6-13 14:35:14] Path: D:/pds/PDS_2022.2-SP1-Lite/bin
[Info] [2024-6-13 14:35:14] Version: 132640
[Debug] [2024-6-13 14:35:14] Add a new user_thread, socket descriptor is 1244 user_thread id is 0000000000000BE8
[Debug] [2024-6-13 14:35:14] After adding, map size is : 1
[Debug] [2024-6-13 14:35:14] Add a new user_thread, socket descriptor is 1144 user_thread id is 0000000000000BE8
[Debug] [2024-6-13 14:35:14] After adding, map size is : 2
[Debug] [2024-6-13 14:35:14] IP address of connecting client is : ::ffff:127.0.0.1
[Debug] [2024-6-13 14:35:14] IP address of connecting client is : ::ffff:127.0.0.1
[Debug] [2024-6-13 14:35:14] Remove the header data from the client, index : 0
[Debug] [2024-6-13 14:35:14] _total_bytes_size : 166
[Debug] [2024-6-13 14:35:14] Remove the header data from the client, index : 0
[Debug] [2024-6-13 14:35:14] _total_bytes_size : 96
[Debug] [2024-6-13 14:35:14] cmd id :40010cmd name : get_cable_paras
[Debug] [2024-6-13 14:35:16] cmd operation get_cable_paras releases locker
[Debug] [2024-6-13 14:35:16] Remove the header data from the client, index : 0
[Debug] [2024-6-13 14:35:16] _total_bytes_size : 101
[Debug] [2024-6-13 14:35:16] cmd id :20001cmd name : Open config cable
[Debug] [2024-6-13 14:35:16] the idcode from the scanning is: 0x20303899
[Debug] [2024-6-13 14:35:16] the idcode from the scanning is: 0x0
[Debug] [2024-6-13 14:35:16] the idcode from the scanning is: 0x0
[Debug] [2024-6-13 14:35:16] the idcode from the scanning is: 0x0
[Debug] [2024-6-13 14:35:16] the idcode from the scanning is: 0x0
[Debug] [2024-6-13 14:35:16] begin to read back config registerregAddr is 9
[Debug] [2024-6-13 14:35:16] cmd operation Open config cable releases locker
[Debug] [2024-6-13 14:35:21] Remove the header data from the client, index : 0
[Debug] [2024-6-13 14:35:21] _total_bytes_size : 20a
[Debug] [2024-6-13 14:35:21] cmd id :4e22cmd name : Program
[Debug] [2024-6-13 14:35:21] the idcode from the scanning is: 0x20303899
[Debug] [2024-6-13 14:35:21] the idcode from the scanning is: 0x0
[Debug] [2024-6-13 14:35:21] the idcode from the scanning is: 0x0
[Debug] [2024-6-13 14:35:21] the idcode from the scanning is: 0x0
[Debug] [2024-6-13 14:35:21] the idcode from the scanning is: 0x0
[Debug] [2024-6-13 14:35:21] begin to read back config registerregAddr is 4
[Debug] [2024-6-13 14:35:21] progress bar is 6
[Debug] [2024-6-13 14:35:21] progress bar is 10
[Debug] [2024-6-13 14:35:21] progress bar is 15
[Debug] [2024-6-13 14:35:21] progress bar is 20
[Debug] [2024-6-13 14:35:21] progress bar is 25
[Debug] [2024-6-13 14:35:21] progress bar is 30
[Debug] [2024-6-13 14:35:21] progress bar is 35
[Debug] [2024-6-13 14:35:21] progress bar is 40
[Debug] [2024-6-13 14:35:21] progress bar is 45
[Debug] [2024-6-13 14:35:21] progress bar is 50
[Debug] [2024-6-13 14:35:21] progress bar is 55
[Debug] [2024-6-13 14:35:21] progress bar is 60
[Debug] [2024-6-13 14:35:21] progress bar is 65
[Debug] [2024-6-13 14:35:21] progress bar is 70
[Debug] [2024-6-13 14:35:22] progress bar is 75
[Debug] [2024-6-13 14:35:22] progress bar is 80
[Debug] [2024-6-13 14:35:22] progress bar is 85
[Debug] [2024-6-13 14:35:22] progress bar is 90
[Debug] [2024-6-13 14:35:22] progress bar is 95
[Debug] [2024-6-13 14:35:22] progress bar is 100
[Debug] [2024-6-13 14:35:22] begin to read back config registerregAddr is 9
[Debug] [2024-6-13 14:35:22] the value in the status register is :4193440
[Debug] [2024-6-13 14:35:22] begin to read back config registerregAddr is 9
[Debug] [2024-6-13 14:35:22] cmd operation Program releases locker
[Debug] [2024-6-13 14:39:03] Add a new user_thread, socket descriptor is 756 user_thread id is 0000000000000BE8
[Debug] [2024-6-13 14:39:03] After adding, map size is : 3
[Debug] [2024-6-13 14:39:03] Add a new user_thread, socket descriptor is 1236 user_thread id is 0000000000000BE8
[Debug] [2024-6-13 14:39:03] After adding, map size is : 4
[Debug] [2024-6-13 14:39:03] IP address of connecting client is : ::ffff:127.0.0.1
[Debug] [2024-6-13 14:39:03] IP address of connecting client is : ::ffff:127.0.0.1
[Debug] [2024-6-13 14:39:03] Remove the header data from the client, index : 0
[Debug] [2024-6-13 14:39:03] _total_bytes_size : 166
[Debug] [2024-6-13 14:39:03] Remove the header data from the client, index : 0
[Debug] [2024-6-13 14:39:03] _total_bytes_size : 96
[Debug] [2024-6-13 14:39:03] cmd id :40010cmd name : get_cable_paras
[Debug] [2024-6-13 14:39:04] cmd operation get_cable_paras releases locker
[Debug] [2024-6-13 14:39:04] Remove the header data from the client, index : 0
[Debug] [2024-6-13 14:39:04] _total_bytes_size : 101
[Debug] [2024-6-13 14:39:04] cmd id :20001cmd name : Open config cable
[Debug] [2024-6-13 14:39:04] the idcode from the scanning is: 0x20303899
[Debug] [2024-6-13 14:39:04] the idcode from the scanning is: 0x0
[Debug] [2024-6-13 14:39:04] the idcode from the scanning is: 0x0
[Debug] [2024-6-13 14:39:04] the idcode from the scanning is: 0x0
[Debug] [2024-6-13 14:39:04] the idcode from the scanning is: 0x0
[Debug] [2024-6-13 14:39:04] begin to read back config registerregAddr is 9
[Debug] [2024-6-13 14:39:04] cmd operation Open config cable releases locker
[Debug] [2024-6-13 14:39:10] Remove the header data from the client, index : 0
[Debug] [2024-6-13 14:39:10] _total_bytes_size : 202
[Debug] [2024-6-13 14:39:10] cmd id :4e22cmd name : Program
[Debug] [2024-6-13 14:39:10] the idcode from the scanning is: 0x20303899
[Debug] [2024-6-13 14:39:10] the idcode from the scanning is: 0x0
[Debug] [2024-6-13 14:39:10] the idcode from the scanning is: 0x0
[Debug] [2024-6-13 14:39:10] the idcode from the scanning is: 0x0
[Debug] [2024-6-13 14:39:10] the idcode from the scanning is: 0x0
[Debug] [2024-6-13 14:39:10] begin to read back config registerregAddr is 4
[Debug] [2024-6-13 14:39:10] progress bar is 6
[Debug] [2024-6-13 14:39:11] progress bar is 10
[Debug] [2024-6-13 14:39:11] progress bar is 15
[Debug] [2024-6-13 14:39:11] progress bar is 20
[Debug] [2024-6-13 14:39:11] progress bar is 25
[Debug] [2024-6-13 14:39:11] progress bar is 30
[Debug] [2024-6-13 14:39:11] progress bar is 35
[Debug] [2024-6-13 14:39:11] progress bar is 40
[Debug] [2024-6-13 14:39:11] progress bar is 45
[Debug] [2024-6-13 14:39:11] progress bar is 50
[Debug] [2024-6-13 14:39:11] progress bar is 55
[Debug] [2024-6-13 14:39:11] progress bar is 60
[Debug] [2024-6-13 14:39:11] progress bar is 65
[Debug] [2024-6-13 14:39:11] progress bar is 70
[Debug] [2024-6-13 14:39:11] progress bar is 75
[Debug] [2024-6-13 14:39:11] progress bar is 80
[Debug] [2024-6-13 14:39:11] progress bar is 85
[Debug] [2024-6-13 14:39:11] progress bar is 90
[Debug] [2024-6-13 14:39:11] progress bar is 95
[Debug] [2024-6-13 14:39:11] progress bar is 100
[Debug] [2024-6-13 14:39:11] begin to read back config registerregAddr is 9
[Debug] [2024-6-13 14:39:11] the value in the status register is :4193440
[Debug] [2024-6-13 14:39:11] begin to read back config registerregAddr is 9
[Debug] [2024-6-13 14:39:11] cmd operation Program releases locker
[Debug] [2024-6-13 14:47:08] connection error happens : 1
[Debug] [2024-6-13 14:47:08] 
[Debug] [2024-6-13 14:47:08] connection state changes : 6 , socket description 1144
[Warn] [2024-6-13 14:47:08] socket state is ListeningState
[Debug] [2024-6-13 14:47:08] connection state changes : 0 , socket description 1144
[Warn] [2024-6-13 14:47:08] connection state changes : 6 , socket description 1244socket state is UnconnectedState
[Debug] [2024-6-13 14:47:08] connection state changes : 6 , socket description 1244socket state is UnconnectedState
[Warn] [2024-6-13 14:47:08] socket state is ListeningState
[Debug] [2024-6-13 14:47:08] connection state changes : 0 , socket description 1244
[Warn] [2024-6-13 14:47:08] socket state is UnconnectedState
[Debug] [2024-6-13 14:47:08] socket descriptor 1144is about to delete
[Debug] [2024-6-13 14:47:08] socket descriptor 1244is about to delete
