#Build: Fabric Compiler 2022.2-SP1-Lite, Build 132640, Aug 18 15:10 2023
#Install: D:\pds\PDS_2022.2-SP1-Lite\bin
#Application name: pds.exe
#OS: Windows 10 10.0.22631
#Hostname: 王凯的r9000p
Generated by Fabric Compiler (version 2022.2-SP1-Lite build 132640) at Wed Jun  5 17:23:51 2024
Compiling architecture definition.
Analyzing project file 'C:/Users/r9000/project1/project/project.pds'.
Compiling verification operator library.
Loading technology operator library.
Compiling technology operator library.
Compiling technology operator (valence) library.
I: Enable Verilog2k features and keywords
Start rtl-analyze.
Executing : .rtl_analyze -work work -include_path {C:/Users/r9000/project1/project} C:/Users/r9000/project1/project/source/NHJSQ.v
I: Verilog-0001: Analyzing file C:/Users/r9000/project1/project/source/NHJSQ.v
I: Verilog-0002: [C:/Users/r9000/project1/project/source/NHJSQ.v(line number: 1)] Analyzing module NHJSQ (library work)
Parsing done.
Executing : .rtl_analyze -work work -include_path {C:/Users/r9000/project1/project} C:/Users/r9000/project1/project/source/NHJSQ.v successfully.
Executing : .rtl_analyze -work work -include_path {C:/Users/r9000/project1/project} C:/Users/r9000/project1/project/source/gate74LS194.v
I: Verilog-0001: Analyzing file C:/Users/r9000/project1/project/source/gate74LS194.v
I: Verilog-0002: [C:/Users/r9000/project1/project/source/gate74LS194.v(line number: 1)] Analyzing module gate74LS194 (library work)
Parsing done.
Executing : .rtl_analyze -work work -include_path {C:/Users/r9000/project1/project} C:/Users/r9000/project1/project/source/gate74LS194.v successfully.
Executing : .rtl_analyze -work work -include_path {C:/Users/r9000/project1/project} C:/Users/r9000/project1/project/source/gate74LS20.v
I: Verilog-0001: Analyzing file C:/Users/r9000/project1/project/source/gate74LS20.v
I: Verilog-0002: [C:/Users/r9000/project1/project/source/gate74LS20.v(line number: 1)] Analyzing module gate74LS20 (library work)
Parsing done.
Executing : .rtl_analyze -work work -include_path {C:/Users/r9000/project1/project} C:/Users/r9000/project1/project/source/gate74LS20.v successfully.
Executing : .rtl_analyze -work work -include_path {C:/Users/r9000/project1/project} C:/Users/r9000/project1/project/source/gate74LS00.v
I: Verilog-0001: Analyzing file C:/Users/r9000/project1/project/source/gate74LS00.v
I: Verilog-0002: [C:/Users/r9000/project1/project/source/gate74LS00.v(line number: 1)] Analyzing module gate74LS00 (library work)
Parsing done.
Executing : .rtl_analyze -work work -include_path {C:/Users/r9000/project1/project} C:/Users/r9000/project1/project/source/gate74LS00.v successfully.
I: Module "NHJSQ" is set as top module.
Executing : rtl-analyze successfully. Time elapsed: 5.025s wall, 0.000s user + 0.000s system = 0.000s CPU (n/a%)

Start rtl-elaborate.
I: Verilog-0003: [C:/Users/r9000/project1/project/source/NHJSQ.v(line number: 1)] Elaborating module NHJSQ
I: Verilog-0004: [C:/Users/r9000/project1/project/source/NHJSQ.v(line number: 26)] Elaborating instance U1
I: Verilog-0003: [C:/Users/r9000/project1/project/source/gate74LS194.v(line number: 1)] Elaborating module gate74LS194
I: Verilog-0004: [C:/Users/r9000/project1/project/source/NHJSQ.v(line number: 27)] Elaborating instance U2
I: Verilog-0003: [C:/Users/r9000/project1/project/source/gate74LS20.v(line number: 1)] Elaborating module gate74LS20
I: Verilog-0004: [C:/Users/r9000/project1/project/source/NHJSQ.v(line number: 28)] Elaborating instance U3
I: Verilog-0003: [C:/Users/r9000/project1/project/source/gate74LS00.v(line number: 1)] Elaborating module gate74LS00
W: Verilog-2023: [C:/Users/r9000/project1/project/source/NHJSQ.v(line number: 26)] Give initial value 0 for the no drive pin Left in module instance NHJSQ.U1
W: Verilog-2023: [C:/Users/r9000/project1/project/source/NHJSQ.v(line number: 26)] Give initial value 0 for the no drive pin A in module instance NHJSQ.U1
W: Verilog-2023: [C:/Users/r9000/project1/project/source/NHJSQ.v(line number: 26)] Give initial value 0 for the no drive pin B in module instance NHJSQ.U1
W: Verilog-2023: [C:/Users/r9000/project1/project/source/NHJSQ.v(line number: 26)] Give initial value 0 for the no drive pin C in module instance NHJSQ.U1
W: Verilog-2023: [C:/Users/r9000/project1/project/source/NHJSQ.v(line number: 26)] Give initial value 0 for the no drive pin D in module instance NHJSQ.U1
W: Verilog-2023: [C:/Users/r9000/project1/project/source/NHJSQ.v(line number: 27)] Give initial value 0 for the no drive pin A2 in module instance NHJSQ.U2
W: Verilog-2023: [C:/Users/r9000/project1/project/source/NHJSQ.v(line number: 27)] Give initial value 0 for the no drive pin B2 in module instance NHJSQ.U2
W: Verilog-2023: [C:/Users/r9000/project1/project/source/NHJSQ.v(line number: 27)] Give initial value 0 for the no drive pin C2 in module instance NHJSQ.U2
W: Verilog-2023: [C:/Users/r9000/project1/project/source/NHJSQ.v(line number: 27)] Give initial value 0 for the no drive pin D2 in module instance NHJSQ.U2
W: Verilog-2023: [C:/Users/r9000/project1/project/source/NHJSQ.v(line number: 28)] Give initial value 0 for the no drive pin A4 in module instance NHJSQ.U3
W: Verilog-2023: [C:/Users/r9000/project1/project/source/NHJSQ.v(line number: 28)] Give initial value 0 for the no drive pin B4 in module instance NHJSQ.U3
Executing : rtl-elaborate successfully. Time elapsed: 0.004s wall, 0.000s user + 0.000s system = 0.000s CPU (n/a%)

Start rtl-prep.
Executing : rtl-prep successfully. Time elapsed: 0.001s wall, 0.000s user + 0.000s system = 0.000s CPU (n/a%)

Start rtl-infer.
Start DFF-inference.
Executing : DFF-inference successfully.
Executing : rtl-infer successfully. Time elapsed: 0.023s wall, 0.016s user + 0.016s system = 0.031s CPU (138.0%)

Start rtl-control-opt.
Executing : rtl-control-opt successfully. Time elapsed: 0.000s wall, 0.000s user + 0.000s system = 0.000s CPU (n/a%)

Start rtl-data-opt.
Executing : rtl-data-opt successfully. Time elapsed: 0.002s wall, 0.000s user + 0.000s system = 0.000s CPU (n/a%)

Start FSM inference.
Executing : FSM inference successfully. Time elapsed: 0.000s wall, 0.000s user + 0.000s system = 0.000s CPU (n/a%)

Start sdm2adm.
W: Loop was found during constant probe.
Executing : sdm2adm successfully. Time elapsed: 0.004s wall, 0.000s user + 0.000s system = 0.000s CPU (n/a%)

Saving design to DB.
Action compile: Real time elapsed is 0h:0m:8s
Action compile: CPU time elapsed is 0h:0m:2s
Action compile: Process CPU time elapsed is 0h:0m:2s
Current time: Wed Jun  5 17:23:58 2024
Action compile: Peak memory pool usage is 188 MB
Action from compile to compile: Total Real Time elapsed is 0h:0m:8s
Action from compile to compile: Total CPU time elapsed is 0h:0m:2s
Action from compile to compile: Total Process CPU Time elapsed is 0h:0m:2s
Compiling architecture definition.
Analyzing project file 'C:/Users/r9000/project1/project/project.pds'.
Compiling verification operator library.
Compiling common defs.
Loading technology operator library.
Compiling technology operator library.
Compiling technology operator (valence) library.
Reading design from compile DB
Reading design from compile DB successfully.
NOTE: The technology fpga was specified.
NOTE: delay_model specified was generic_cmos.
NOTE: Using the fpga syntax tables...
Totals:
 Calls to malloc = 0
 Calls to calloc = 351433

Constraint check start.
Compiling prim grid devices.
Building architecture model.
Loading device packaging model.
Building architecture floorplan logic view.
C: ConstraintEditor-2002: [C:/Users/r9000/project1/project/source/project.fdc(line number: 2)] | Port CLKen has been placed at location G13, whose type is share pin.
C: ConstraintEditor-2002: [C:/Users/r9000/project1/project/source/project.fdc(line number: 9)] | Port CLKout has been placed at location G16, whose type is share pin.
Constraint check end.

C: SDC-2025: Clock source 'n:exCLK' need a clock constraint, please use 'create_clock' or 'create_generate_clock' to generate.
Executing : get_ports exCLK
Executing : get_ports exCLK successfully.
Executing : create_clock -name NHJSQ|exCLK [get_ports exCLK] -period 1000.000 -waveform {0.000 500.000} -add
Executing : create_clock -name NHJSQ|exCLK [get_ports exCLK] -period 1000.000 -waveform {0.000 500.000} -add successfully.
Executing : set_clock_groups -name Inferred_clock_group_0 -asynchronous -group NHJSQ|exCLK
Executing : set_clock_groups -name Inferred_clock_group_0 -asynchronous -group NHJSQ|exCLK successfully.
C: SDC-2025: Clock source 'n:CLKout' need a clock constraint, please use 'create_clock' or 'create_generate_clock' to generate.
Start pre-mapping.
Executing : pre-mapping successfully. Time elapsed: 0.015s wall, 0.016s user + 0.000s system = 0.016s CPU (105.3%)

Start mod-gen.
I: Constant propagation done on U1/N0 (bmsWIDEINV).
I: Constant propagation done on U1/N26 (bmsREDAND).
I: Constant propagation done on U1/N27 (bmsWIDEINV).
I: Constant propagation done on U1/N28 (bmsREDAND).
I: Constant propagation done on U1/N29 (bmsWIDEINV).
I: Constant propagation done on U1/N30 (bmsREDAND).
I: Constant propagation done on U3/N2 (bmsREDAND).
I: Constant propagation done on U3/N4 (bmsREDAND).
I: Constant propagation done on U1/N38 (bmsREDOR).
I: Constant propagation done on U1/N41 (bmsPMUX).
W: Removed bmsWIDEDFFRSE inst CLKcount[26:0] at 25 that is stuck at constant 0.
Executing : mod-gen successfully. Time elapsed: 0.030s wall, 0.016s user + 0.016s system = 0.031s CPU (105.6%)

Start logic-optimization.
Executing : logic-optimization successfully. Time elapsed: 0.020s wall, 0.016s user + 0.000s system = 0.016s CPU (78.0%)

Start tech-mapping phase 1.
W: Public-4008: Instance 'CLKcount[26]' of 'bmsWIDEDFFRSE' unit is dangling and will be cleaned.
W: Public-4008: Instance 'CLKcount[25]' of 'bmsWIDEDFFRSE' unit is dangling and will be cleaned.
Executing : tech-mapping phase 1 successfully. Time elapsed: 0.003s wall, 0.016s user + 0.000s system = 0.016s CPU (553.2%)

Start tech-mapping phase 2.
Executing : tech-mapping phase 2 successfully. Time elapsed: 0.027s wall, 0.016s user + 0.000s system = 0.016s CPU (58.2%)

Start tech-optimization.
Executing : tech-optimization successfully. Time elapsed: 0.010s wall, 0.000s user + 0.000s system = 0.000s CPU (n/a%)

Start phys-optimization.
Executing : phys-optimization successfully. Time elapsed: 0.000s wall, 0.000s user + 0.000s system = 0.000s CPU (n/a%)

Start restore-hierarchy.
Executing : restore-hierarchy successfully. Time elapsed: 0.000s wall, 0.000s user + 0.000s system = 0.000s CPU (n/a%)


Cell Usage:
GTP_DFF                       4 uses
GTP_DFF_E                     1 use
GTP_DFF_R                    25 uses
GTP_GRS                       1 use
GTP_LUT1                      2 uses
GTP_LUT2                      1 use
GTP_LUT4                      1 use
GTP_LUT5                      6 uses
GTP_LUT5CARRY                24 uses

I/O ports: 7
GTP_INBUF                   1 use
GTP_IOBUF                   1 use
GTP_OUTBUF                  5 uses

Mapping Summary:
Total LUTs: 34 of 17536 (0.19%)
	LUTs as dram: 0 of 4440 (0.00%)
	LUTs as logic: 34
Total Registers: 30 of 26304 (0.11%)
Total Latches: 0

DRM18K:
Total DRM18K = 0.0 of 48 (0.00%)

APMs:
Total APMs = 0.00 of 30 (0.00%)

Total I/O ports = 7 of 240 (2.92%)


Overview of Control Sets:

Number of unique control sets : 3

Histogram:
**************************************************************
  Fanout      | Count    | Sync Set/Reset    Async Set/Reset
--------------------------------------------------------------
  [0, 2)      | 1        | 1                 0
  [2, 4)      | 0        | 0                 0
  [4, 6)      | 1        | 1                 0
  [6, 8)      | 0        | 0                 0
  [8, 10)     | 0        | 0                 0
  [10, 12)    | 0        | 0                 0
  [12, 14)    | 0        | 0                 0
  [14, 16)    | 0        | 0                 0
  [16, Inf)   | 1        | 1                 0
--------------------------------------------------------------
  The maximum fanout: 25
==============================================================

Flip-Flop Distribution:
************************************************************************
  Clock Enable    Sync Set/Reset    Async Set/Reset    Total Registers
------------------------------------------------------------------------
  NO              NO                NO                 4
  NO              NO                YES                0
  NO              YES               NO                 25
  YES             NO                NO                 1
  YES             NO                YES                0
  YES             YES               NO                 0
========================================================================

Latch Distribution:
************************************************
  Gate Enable    Preset/Clear    Total Latches
************************************************
  NO             NO              0
  NO             YES             0
  YES            NO              0
  YES            YES             0
************************************************

Design 'NHJSQ' has been successfully synthesized to architecture-specific objects.
Saving design to DB.
Saving design to NHJSQ_syn.vm
Constructing timing graph ...
Timing graph has been constructed successfully
W: STA-3011: Clock pin 'U1/Qtemp[0]/CLK' (GTP_DFF.CLK) has no clock, timing propagation is disabled at the pin.
W: STA-3011: Clock pin 'U1/Qtemp[1]/CLK' (GTP_DFF.CLK) has no clock, timing propagation is disabled at the pin.
W: STA-3011: Clock pin 'U1/Qtemp[2]/CLK' (GTP_DFF.CLK) has no clock, timing propagation is disabled at the pin.
W: STA-3011: Clock pin 'U1/Qtemp[3]/CLK' (GTP_DFF.CLK) has no clock, timing propagation is disabled at the pin.
W: Timing-4086: Port 'CLKen' is not constrained, it is treated as combinational input.
W: Timing-4087: Port 'CLKen' is not constrained, it is treated as combinational output.
W: Timing-4087: Port 'CLKout' is not constrained, it is treated as combinational output.
W: Timing-4087: Port 'QA' is not constrained, it is treated as combinational output.
W: Timing-4087: Port 'QB' is not constrained, it is treated as combinational output.
W: Timing-4087: Port 'QC' is not constrained, it is treated as combinational output.
W: Timing-4087: Port 'QD' is not constrained, it is treated as combinational output.
Action synthesize: Real time elapsed is 0h:0m:5s
Action synthesize: CPU time elapsed is 0h:0m:5s
Action synthesize: Process CPU time elapsed is 0h:0m:5s
Current time: Wed Jun  5 17:24:04 2024
Action synthesize: Peak memory pool usage is 287 MB
Action from compile to synthesize: Total Real Time elapsed is 0h:0m:13s
Action from compile to synthesize: Total CPU time elapsed is 0h:0m:7s
Action from compile to synthesize: Total Process CPU Time elapsed is 0h:0m:7s
Compiling architecture definition.
Analyzing project file 'C:/Users/r9000/project1/project/project.pds'.
Compiling verification operator library.
Compiling common defs.
Loading technology operator library.
Compiling technology operator library.
Compiling technology operator (valence) library.
Compiling operator packing rules.
Compiling prim grid devices.
Compiling gate devices.
Compiling gate operators.
Compiling tech operator impls.
Building architecture model.
Loading device packaging model.
NOTE: The technology fpga was specified.
NOTE: delay_model specified was generic_cmos.
NOTE: Using the fpga syntax tables...
Totals:
 Calls to malloc = 0
 Calls to calloc = 351433

C: SDC-2025: Clock source 'n:CLKin' need a clock constraint, please use 'create_clock' or 'create_generate_clock' to generate.
Flattening design 'NHJSQ'
Device mapping started.
Optimizing circuit logic.
Checking design netlist.
Processing tech operator.
I: The instance clkbufg_0(GTP_CLKBUFG) has been inserted on the net nt_exCLK in design, driver pin O(instance exCLK_ibuf) -> load pin CLK(instance CLKcount[0]).
Converting tech operator to gate operator.
Processing gate operator.
I: Infer CARRY group, base inst: N6_0_1/gateop, insts:24.
Device Utilization Summary:
+------------------------------------------------------------------------+
| Logic Utilization     | Used     | Available     | Utilization(%)     
+------------------------------------------------------------------------+
| APM                   | 0        | 30            | 0                  
| IOCKDLY               | 0        | 24            | 0                  
| FF                    | 30       | 26304         | 1                  
| LUT                   | 34       | 17536         | 1                  
| Distributed RAM       | 0        | 4440          | 0                  
| DLL                   | 0        | 6             | 0                  
| DQSL                  | 0        | 18            | 0                  
| DRM                   | 0        | 48            | 0                  
| FUSECODE              | 0        | 1             | 0                  
| IO                    | 7        | 240           | 3                  
| IOCKDIV               | 0        | 12            | 0                  
| IOCKGATE              | 0        | 12            | 0                  
| IPAL                  | 0        | 1             | 0                  
| PLL                   | 0        | 6             | 0                  
| RCKB                  | 0        | 24            | 0                  
| SCANCHAIN             | 0        | 4             | 0                  
| START                 | 0        | 1             | 0                  
| USCM                  | 1        | 20            | 5                  
| HMEMC                 | 0        | 2             | 0                  
| OSC                   | 0        | 1             | 0                  
| ADC                   | 0        | 1             | 0                  
| CRYSTAL               | 0        | 6             | 0                  
| FLSIF                 | 0        | 1             | 0                  
| RESCAL                | 0        | 6             | 0                  
| UDID                  | 0        | 1             | 0                  
+------------------------------------------------------------------------+

Device mapping done.
Total device mapping takes 0.00 sec.

Design 'NHJSQ' has been successfully mapped to architecture-specific objects.
Saving design to DB.
W: Public-4010: Pcf file C:/Users/r9000/project1/project/device_map/NHJSQ.pcf has been covered.
Action dev_map: Real time elapsed is 0h:0m:8s
Action dev_map: CPU time elapsed is 0h:0m:7s
Action dev_map: Process CPU time elapsed is 0h:0m:7s
Current time: Wed Jun  5 17:24:13 2024
Action dev_map: Peak memory pool usage is 283 MB
Action from compile to dev_map: Total Real Time elapsed is 0h:0m:21s
Action from compile to dev_map: Total CPU time elapsed is 0h:0m:14s
Action from compile to dev_map: Total Process CPU Time elapsed is 0h:0m:14s
Compiling architecture definition.
Analyzing project file 'C:/Users/r9000/project1/project/project.pds'.
Compiling verification operator library.
Compiling common defs.
Compiling prim grid devices.
Compiling gate devices.
Compiling gate operators.
Building architecture model.
Loading device packaging model.
pnr strategy configuration : 
strategy name : 0
Building architecture floorplan logic view.
Constraint check start.
Executing : def_port {CLKen} LOC=G13 VCCIO=3.3 IOSTANDARD=LVCMOS33 DRIVE=4 SLEW=SLOW NONE=TRUE
C: ConstraintEditor-2002: [C:/Users/r9000/project1/project/device_map/NHJSQ.pcf(line number: 3)] | Port CLKen has been placed at location G13, whose type is share pin.
Executing : def_port {CLKen} LOC=G13 VCCIO=3.3 IOSTANDARD=LVCMOS33 DRIVE=4 SLEW=SLOW NONE=TRUE successfully
Executing : def_port {CLKout} LOC=G16 VCCIO=3.3 IOSTANDARD=LVCMOS33 DRIVE=4 SLEW=SLOW NONE=TRUE
C: ConstraintEditor-2002: [C:/Users/r9000/project1/project/device_map/NHJSQ.pcf(line number: 4)] | Port CLKout has been placed at location G16, whose type is share pin.
Executing : def_port {CLKout} LOC=G16 VCCIO=3.3 IOSTANDARD=LVCMOS33 DRIVE=4 SLEW=SLOW NONE=TRUE successfully
Executing : def_port {QA} LOC=H16 VCCIO=3.3 IOSTANDARD=LVCMOS33 DRIVE=4 SLEW=SLOW NONE=TRUE
Executing : def_port {QA} LOC=H16 VCCIO=3.3 IOSTANDARD=LVCMOS33 DRIVE=4 SLEW=SLOW NONE=TRUE successfully
Executing : def_port {QB} LOC=J16 VCCIO=3.3 IOSTANDARD=LVCMOS33 DRIVE=4 SLEW=SLOW NONE=TRUE
Executing : def_port {QB} LOC=J16 VCCIO=3.3 IOSTANDARD=LVCMOS33 DRIVE=4 SLEW=SLOW NONE=TRUE successfully
Executing : def_port {QC} LOC=K18 VCCIO=3.3 IOSTANDARD=LVCMOS33 DRIVE=4 SLEW=SLOW NONE=TRUE
Executing : def_port {QC} LOC=K18 VCCIO=3.3 IOSTANDARD=LVCMOS33 DRIVE=4 SLEW=SLOW NONE=TRUE successfully
Executing : def_port {QD} LOC=N15 VCCIO=3.3 IOSTANDARD=LVCMOS33 DRIVE=4 SLEW=SLOW NONE=TRUE
Executing : def_port {QD} LOC=N15 VCCIO=3.3 IOSTANDARD=LVCMOS33 DRIVE=4 SLEW=SLOW NONE=TRUE successfully
Executing : def_port {exCLK} LOC=H18 VCCIO=3.3 IOSTANDARD=LVCMOS33 NONE=TRUE
Executing : def_port {exCLK} LOC=H18 VCCIO=3.3 IOSTANDARD=LVCMOS33 NONE=TRUE successfully
Constraint check end.
NOTE: The technology fpga was specified.
NOTE: delay_model specified was generic_cmos.
NOTE: Using the fpga syntax tables...
Totals:
 Calls to malloc = 0
 Calls to calloc = 5992020

I: Column Clock Check close.

Placement started.
Phase 1 Pre global placement started.
Phase 1.1 1st GP placement started.
Design Utilization : 1%.
First map gop timing takes 0.05 sec
Worst slack after clock region global placement is 997134
Wirelength after clock region global placement is 159.
1st GP placement takes 0.69 sec.

Phase 1.2 Clock placement started.
Mapping instance clkbufg_0/gopclkbufg to USCM_74_104.
Clock placement takes 0.00 sec.

Pre global placement takes 0.83 sec.

Phase 2 Global placement started.
Phase 2.1 Fixed placement started.
Placed fixed group with base inst CLKen/opit_1 on IOL_151_233.
Placed fixed group with base inst CLKout_obuf/opit_1 on IOL_151_229.
Placed fixed group with base inst QA_obuf/opit_1 on IOL_151_206.
Placed fixed group with base inst QB_obuf/opit_1 on IOL_151_205.
Placed fixed group with base inst QC_obuf/opit_1 on IOL_151_170.
Placed fixed group with base inst QD_obuf/opit_1 on IOL_151_134.
Placed fixed group with base inst exCLK_ibuf/opit_1 on IOL_151_198.
Placed fixed instance clkbufg_0/gopclkbufg on USCM_74_104.
Placed fixed instance BKCL_auto_0 on BKCL_154_144.
Fixed placement takes 0.00 sec.

Phase 2.2 Process placement started.
Process placement takes 0.00 sec.

Phase 2.3 IO placement started.
IO placement takes 0.00 sec.

Phase 2.4 2nd GP placement started.
Run super clustering :
	Initial slack 995048.
	1 iterations finished.
	Final slack 995048.
Super clustering done.
Design Utilization : 1%.
Worst slack after global placement is 997238
2nd GP placement takes 0.08 sec.

Wirelength after global placement is 245.
Global placement takes 0.08 sec.

Phase 3 Post global placement started.
Phase 3.1 Macro cell placement started.
I: Process macros using "Greedy".
Wirelength after macro cell placement is 245.
Macro cell placement takes 0.00 sec.

Phase 3.2 3rd GP placement started.
Run super clustering :
	Initial slack 995048.
	1 iterations finished.
	Final slack 995048.
Super clustering done.
Design Utilization : 1%.
Worst slack after post global placement is 997238
3rd GP placement takes 0.08 sec.

Wirelength after post global placement is 245.
Post global placement takes 0.08 sec.

Phase 4 Legalization started.
The average distance in LP is 3.692308.
Wirelength after legalization is 314.
Legalization takes 0.00 sec.

Phase 5 Timing-driven detailed placement started.
Phase 5.1 Replication placement started.
Worst slack before Replication Place is 996785.
Replication placement takes 0.00 sec.

Wirelength after replication placement is 314.
Phase 5.2 DP placement started.
Legalized cost 996785.000000.
The detailed placement ends at 0th iteration.
DP placement takes 0.00 sec.

Wirelength after detailed placement is 314.
Timing-driven detailed placement takes 0.00 sec.

Worst slack is 996785, TNS after placement is 0.
Placement done.
Total placement takes 1.02 sec.
Finished placement.

Routing started.
Building routing graph takes 0.47 sec.
Worst slack is 996785, TNS before global route is 0.
Processing design graph takes 0.05 sec.
Total memory for routing:
	46.828984 M.
Total nets for routing : 70.
Rcf routing step 1 processed 0 nets, it takes 0.00 sec.
Rcf routing step 2 processed 0 nets, it takes 0.00 sec.
Rcf routing step 3 processed 0 nets, it takes 0.00 sec.
Global Routing step 1 processed 0 nets, it takes 0.00 sec.
Global Routing step 2 processed 0 nets, it takes 0.00 sec.
Unrouted nets 0 at the end of iteration 0.
Global Routing step 3 processed 1 nets, it takes 0.02 sec.
Global routing takes 0.02 sec.
Total 71 subnets.
    forward max bucket size 48 , backward 15.
        Unrouted nets 37 at the end of iteration 0.
    route iteration 0, CPU time elapsed 0.000000 sec.
    forward max bucket size 22 , backward 21.
        Unrouted nets 29 at the end of iteration 1.
    route iteration 1, CPU time elapsed 0.000000 sec.
    forward max bucket size 14 , backward 14.
        Unrouted nets 17 at the end of iteration 2.
    route iteration 2, CPU time elapsed 0.000000 sec.
    forward max bucket size 20 , backward 68.
        Unrouted nets 16 at the end of iteration 3.
    route iteration 3, CPU time elapsed 0.000000 sec.
    forward max bucket size 16 , backward 12.
        Unrouted nets 5 at the end of iteration 4.
    route iteration 4, CPU time elapsed 0.000000 sec.
    forward max bucket size 11 , backward 11.
        Unrouted nets 4 at the end of iteration 5.
    route iteration 5, CPU time elapsed 0.000000 sec.
    forward max bucket size 11 , backward 8.
        Unrouted nets 4 at the end of iteration 6.
    route iteration 6, CPU time elapsed 0.000000 sec.
    forward max bucket size 8 , backward 16.
        Unrouted nets 0 at the end of iteration 7.
    route iteration 7, CPU time elapsed 0.000000 sec.
Detailed routing takes 7 iterations
I: Design net nt_CLKout is routed by general path.
C: Route-2036: The clock path from N9/gateop:Z to U1/Qtemp[0]/opit_0:CLK is routed by SRB.
Detailed routing takes 0.02 sec.
Start fix hold violation.
Build tmp routing results takes 0.00 sec.
Timing analysis takes 0.00 sec.
No hold violation.
Hold Violation Fix in router takes 0 iterations.
Fix hold violation Finished.
Hold Violation Fix in router takes 0.06 sec.

Dispose routing result:
    Collect routing result.
    Delete unused device instances.
    Annotate routing result.
    Change LUT configuration.
    Dispose misc instances.
    Annotate routing result again.
Finish routing takes 0.00 sec.
Used SRB routing arc is 312.
Cleanup routing takes 0.00 sec.
Routing done.
Total routing takes 0.75 sec.


Device Utilization Summary :
+---------------------------------------------------------------------------+
| Logic Utilization        | Used     | Available     | Utilization(%)     
+---------------------------------------------------------------------------+
| Use of ADC               | 0        | 1             | 0                  
| Use of APM               | 0        | 30            | 0                  
| Use of BKCL              | 1        | 6             | 17                 
| Use of CLMA              | 16       | 3274          | 1                  
|   FF                     | 29       | 19644         | 1                  
|   LUT                    | 39       | 13096         | 1                  
|   LUT-FF pairs           | 3        | 13096         | 1                  
| Use of CLMS              | 1        | 1110          | 1                  
|   FF                     | 1        | 6660          | 1                  
|   LUT                    | 0        | 4440          | 0                  
|   LUT-FF pairs           | 0        | 4440          | 0                  
|   Distributed RAM        | 0        | 4440          | 0                  
| Use of CRYSTAL           | 0        | 6             | 0                  
| Use of DLL               | 0        | 6             | 0                  
| Use of DQSL              | 0        | 18            | 0                  
| Use of DRM               | 0        | 48            | 0                  
| Use of FLSIF             | 0        | 1             | 0                  
| Use of FUSECODE          | 0        | 1             | 0                  
| Use of HARD0N1           | 0        | 2745          | 0                  
| Use of HMEMC             | 0        | 2             | 0                  
| Use of IO                | 7        | 240           | 3                  
|   IOBD                   | 4        | 120           | 4                  
|   IOBR                   | 0        | 6             | 0                  
|   IOBS                   | 3        | 114           | 3                  
| Use of IOCKDIV           | 0        | 12            | 0                  
| Use of IOCKDLY           | 0        | 24            | 0                  
| Use of IOCKGATE          | 0        | 12            | 0                  
| Use of IOCKGMUX_TEST     | 0        | 12            | 0                  
| Use of IOL               | 7        | 240           | 3                  
| Use of IPAL              | 0        | 1             | 0                  
| Use of MFG_TEST          | 0        | 1             | 0                  
| Use of OSC               | 0        | 1             | 0                  
| Use of PLL               | 0        | 6             | 0                  
| Use of PREGMUX_TEST      | 0        | 6             | 0                  
| Use of RCKB              | 0        | 24            | 0                  
|  RCKB dataused           | 0        | 24            | 0                  
| Use of RCKBMUX_TEST      | 0        | 12            | 0                  
| Use of RESCAL            | 0        | 6             | 0                  
| Use of SCANCHAIN         | 0        | 4             | 0                  
| Use of START             | 1        | 1             | 100                
| Use of UDID              | 0        | 1             | 0                  
| Use of USCM              | 1        | 20            | 5                  
|  USCM dataused           | 0        | 20            | 0                  
| Use of USCMMUX_TEST      | 0        | 20            | 0                  
| Use of VCKBMUX_TEST      | 0        | 12            | 0                  
+---------------------------------------------------------------------------+

Finished routing.
Design 'NHJSQ' has been placed and routed successfully.
Saving design to DB.
Finished placement and routing.
Action pnr: Real time elapsed is 0h:0m:11s
Action pnr: CPU time elapsed is 0h:0m:9s
Action pnr: Process CPU time elapsed is 0h:0m:9s
Current time: Wed Jun  5 17:24:25 2024
Action pnr: Peak memory pool usage is 861 MB
Action from compile to pnr: Total Real Time elapsed is 0h:0m:32s
Action from compile to pnr: Total CPU time elapsed is 0h:0m:23s
Action from compile to pnr: Total Process CPU Time elapsed is 0h:0m:23s
Compiling architecture definition.
Analyzing project file 'C:/Users/r9000/project1/project/project.pds'.
Compiling verification operator library.
Compiling common defs.
Compiling prim grid devices.
Compiling gate devices.
Compiling gate operators.
Building architecture model.
Loading device packaging model.
Reading design from pnr DB.
Start Report Post-PnR timing.
NOTE: The technology fpga was specified.
NOTE: delay_model specified was generic_cmos.
NOTE: Using the fpga syntax tables...
Totals:
 Calls to malloc = 0
 Calls to calloc = 5992020

Constructing timing graph ...
Timing graph has been constructed successfully
W: STA-3011: Clock pin 'U1/Qtemp[0]/opit_0/CLK' (gopQ.CLK) has no clock, timing propagation is disabled at the pin.
W: STA-3011: Clock pin 'U1/Qtemp[1]/opit_0/CLK' (gopQ.CLK) has no clock, timing propagation is disabled at the pin.
W: STA-3011: Clock pin 'U1/Qtemp[2]/opit_0/CLK' (gopQ.CLK) has no clock, timing propagation is disabled at the pin.
W: STA-3011: Clock pin 'U1/Qtemp[3]/opit_0_L5Q_perm/CLK' (gopL5Q.CLK) has no clock, timing propagation is disabled at the pin.
W: Timing-4086: Port 'CLKen' is not constrained, it is treated as combinational input.
W: Timing-4087: Port 'CLKen' is not constrained, it is treated as combinational output.
W: Timing-4087: Port 'CLKout' is not constrained, it is treated as combinational output.
W: Timing-4087: Port 'QA' is not constrained, it is treated as combinational output.
W: Timing-4087: Port 'QB' is not constrained, it is treated as combinational output.
W: Timing-4087: Port 'QC' is not constrained, it is treated as combinational output.
W: Timing-4087: Port 'QD' is not constrained, it is treated as combinational output.
Report timing is finished successfully.
Action report_timing: Real time elapsed is 0h:0m:9s
Action report_timing: CPU time elapsed is 0h:0m:7s
Action report_timing: Process CPU time elapsed is 0h:0m:7s
Current time: Wed Jun  5 17:24:35 2024
Action report_timing: Peak memory pool usage is 857 MB
Action from compile to report_timing: Total Real Time elapsed is 0h:0m:41s
Action from compile to report_timing: Total CPU time elapsed is 0h:0m:30s
Action from compile to report_timing: Total Process CPU Time elapsed is 0h:0m:30s
Compiling architecture definition.
Analyzing project file 'C:/Users/r9000/project1/project/project.pds'.
Compiling verification operator library.
Compiling common defs.
Compiling prim grid devices.
Compiling gate devices.
Compiling gate operators.
Building architecture model.
Loading device packaging model.
Reading design from DB.
Start Generating Programming File...
Reading design from DB takes 0.000000 sec.
Generating architecture configuration.
The bitstream file is "C:/Users/r9000/project1/project/generate_bitstream/NHJSQ.sbit"
Generate programming file takes 0.843750 sec.
Generating Programming File done.
Action gen_bit_stream: Real time elapsed is 0h:0m:8s
Action gen_bit_stream: CPU time elapsed is 0h:0m:6s
Action gen_bit_stream: Process CPU time elapsed is 0h:0m:6s
Current time: Wed Jun  5 17:24:44 2024
Action gen_bit_stream: Peak memory pool usage is 383 MB
Action from compile to gen_bit_stream: Total Real Time elapsed is 0h:0m:49s
Action from compile to gen_bit_stream: Total CPU time elapsed is 0h:0m:36s
Action from compile to gen_bit_stream: Total Process CPU Time elapsed is 0h:0m:36s
